SF:/home/ggtest/Work/Claude/MDViewer/.claude/worktrees/mdviewer-android/crates/mdviewer-core/src/anchor.rs
FN:76,_RNCNvNtCsiFtzeUpmjej_13mdviewer_core6anchor14resolve_anchor0B5_
FN:103,_RNCNvNtCsiFtzeUpmjej_13mdviewer_core6anchor14resolve_anchors0_0B5_
FN:95,_RNCNvNtCsiFtzeUpmjej_13mdviewer_core6anchor14resolve_anchors_0B5_
FN:185,_RNCNvNtCsiFtzeUpmjej_13mdviewer_core6anchor29resolve_anchor_with_threshold0B5_
FN:201,_RNvNtCsiFtzeUpmjej_13mdviewer_core6anchor10locate_end
FN:56,_RNvNtCsiFtzeUpmjej_13mdviewer_core6anchor14resolve_anchor
FN:233,_RNvNtCsiFtzeUpmjej_13mdviewer_core6anchor19matching_prefix_len
FN:218,_RNvNtCsiFtzeUpmjej_13mdviewer_core6anchor19matching_suffix_len
FN:244,_RNvNtCsiFtzeUpmjej_13mdviewer_core6anchor21is_char_boundary_pair
FN:121,_RNvNtCsiFtzeUpmjej_13mdviewer_core6anchor29resolve_anchor_with_threshold
FN:76,_RNCNvNtCsekErrGBc1MS_13mdviewer_core6anchor14resolve_anchor0B5_
FN:103,_RNCNvNtCsekErrGBc1MS_13mdviewer_core6anchor14resolve_anchors0_0B5_
FN:95,_RNCNvNtCsekErrGBc1MS_13mdviewer_core6anchor14resolve_anchors_0B5_
FN:185,_RNCNvNtCsekErrGBc1MS_13mdviewer_core6anchor29resolve_anchor_with_threshold0B5_
FN:201,_RNvNtCsekErrGBc1MS_13mdviewer_core6anchor10locate_end
FN:56,_RNvNtCsekErrGBc1MS_13mdviewer_core6anchor14resolve_anchor
FN:233,_RNvNtCsekErrGBc1MS_13mdviewer_core6anchor19matching_prefix_len
FN:218,_RNvNtCsekErrGBc1MS_13mdviewer_core6anchor19matching_suffix_len
FN:244,_RNvNtCsekErrGBc1MS_13mdviewer_core6anchor21is_char_boundary_pair
FN:121,_RNvNtCsekErrGBc1MS_13mdviewer_core6anchor29resolve_anchor_with_threshold
FN:76,_RNCNvNtCs3ikr03e7esg_13mdviewer_core6anchor14resolve_anchor0B5_
FN:103,_RNCNvNtCs3ikr03e7esg_13mdviewer_core6anchor14resolve_anchors0_0B5_
FN:95,_RNCNvNtCs3ikr03e7esg_13mdviewer_core6anchor14resolve_anchors_0B5_
FN:185,_RNCNvNtCs3ikr03e7esg_13mdviewer_core6anchor29resolve_anchor_with_threshold0B5_
FN:201,_RNvNtCs3ikr03e7esg_13mdviewer_core6anchor10locate_end
FN:56,_RNvNtCs3ikr03e7esg_13mdviewer_core6anchor14resolve_anchor
FN:233,_RNvNtCs3ikr03e7esg_13mdviewer_core6anchor19matching_prefix_len
FN:218,_RNvNtCs3ikr03e7esg_13mdviewer_core6anchor19matching_suffix_len
FN:244,_RNvNtCs3ikr03e7esg_13mdviewer_core6anchor21is_char_boundary_pair
FN:121,_RNvNtCs3ikr03e7esg_13mdviewer_core6anchor29resolve_anchor_with_threshold
FNDA:20,_RNCNvNtCsiFtzeUpmjej_13mdviewer_core6anchor14resolve_anchor0B5_
FNDA:5,_RNCNvNtCsiFtzeUpmjej_13mdviewer_core6anchor14resolve_anchors0_0B5_
FNDA:9,_RNCNvNtCsiFtzeUpmjej_13mdviewer_core6anchor14resolve_anchors_0B5_
FNDA:4,_RNCNvNtCsiFtzeUpmjej_13mdviewer_core6anchor29resolve_anchor_with_threshold0B5_
FNDA:5,_RNvNtCsiFtzeUpmjej_13mdviewer_core6anchor10locate_end
FNDA:25,_RNvNtCsiFtzeUpmjej_13mdviewer_core6anchor14resolve_anchor
FNDA:14,_RNvNtCsiFtzeUpmjej_13mdviewer_core6anchor19matching_prefix_len
FNDA:14,_RNvNtCsiFtzeUpmjej_13mdviewer_core6anchor19matching_suffix_len
FNDA:15,_RNvNtCsiFtzeUpmjej_13mdviewer_core6anchor21is_char_boundary_pair
FNDA:17,_RNvNtCsiFtzeUpmjej_13mdviewer_core6anchor29resolve_anchor_with_threshold
FNDA:0,_RNCNvNtCsekErrGBc1MS_13mdviewer_core6anchor14resolve_anchor0B5_
FNDA:0,_RNCNvNtCsekErrGBc1MS_13mdviewer_core6anchor14resolve_anchors0_0B5_
FNDA:0,_RNCNvNtCsekErrGBc1MS_13mdviewer_core6anchor14resolve_anchors_0B5_
FNDA:0,_RNCNvNtCsekErrGBc1MS_13mdviewer_core6anchor29resolve_anchor_with_threshold0B5_
FNDA:0,_RNvNtCsekErrGBc1MS_13mdviewer_core6anchor10locate_end
FNDA:0,_RNvNtCsekErrGBc1MS_13mdviewer_core6anchor14resolve_anchor
FNDA:0,_RNvNtCsekErrGBc1MS_13mdviewer_core6anchor19matching_prefix_len
FNDA:0,_RNvNtCsekErrGBc1MS_13mdviewer_core6anchor19matching_suffix_len
FNDA:0,_RNvNtCsekErrGBc1MS_13mdviewer_core6anchor21is_char_boundary_pair
FNDA:0,_RNvNtCsekErrGBc1MS_13mdviewer_core6anchor29resolve_anchor_with_threshold
FNDA:0,_RNCNvNtCs3ikr03e7esg_13mdviewer_core6anchor14resolve_anchor0B5_
FNDA:0,_RNCNvNtCs3ikr03e7esg_13mdviewer_core6anchor14resolve_anchors0_0B5_
FNDA:0,_RNCNvNtCs3ikr03e7esg_13mdviewer_core6anchor14resolve_anchors_0B5_
FNDA:0,_RNCNvNtCs3ikr03e7esg_13mdviewer_core6anchor29resolve_anchor_with_threshold0B5_
FNDA:0,_RNvNtCs3ikr03e7esg_13mdviewer_core6anchor10locate_end
FNDA:0,_RNvNtCs3ikr03e7esg_13mdviewer_core6anchor14resolve_anchor
FNDA:0,_RNvNtCs3ikr03e7esg_13mdviewer_core6anchor19matching_prefix_len
FNDA:0,_RNvNtCs3ikr03e7esg_13mdviewer_core6anchor19matching_suffix_len
FNDA:0,_RNvNtCs3ikr03e7esg_13mdviewer_core6anchor21is_char_boundary_pair
FNDA:0,_RNvNtCs3ikr03e7esg_13mdviewer_core6anchor29resolve_anchor_with_threshold
FNF:10
FNH:10
DA:56,25
DA:57,25
DA:58,1
DA:59,24
DA:62,24
DA:63,24
DA:64,44
DA:65,20
DA:66,20
DA:67,20
DA:73,20
DA:74,20
DA:75,20
DA:76,20
DA:77,20
DA:78,20
DA:80,24
DA:81,9
DA:82,15
DA:85,15
DA:86,11
DA:87,11
DA:88,0
DA:89,11
DA:90,11
DA:91,4
DA:95,9
DA:96,9
DA:97,9
DA:98,9
DA:99,9
DA:100,9
DA:101,9
DA:103,5
DA:104,4
DA:105,4
DA:106,4
DA:107,0
DA:108,0
DA:109,0
DA:110,25
DA:121,17
DA:122,17
DA:123,17
DA:124,17
DA:125,17
DA:126,17
DA:127,1
DA:128,16
DA:132,16
DA:133,8
DA:134,8
DA:137,8
DA:139,8
DA:140,8
DA:141,8
DA:146,8
DA:150,8
DA:151,8
DA:152,3
DA:157,5
DA:158,0
DA:159,0
DA:167,5
DA:168,5
DA:172,5
DA:173,0
DA:174,5
DA:178,5
DA:179,5
DA:180,5
DA:183,5
DA:184,5
DA:185,5
DA:186,5
DA:187,5
DA:188,1
DA:189,4
DA:191,4
DA:192,17
DA:201,5
DA:202,5
DA:203,1
DA:204,4
DA:206,4
DA:207,4
DA:208,4
DA:209,4
DA:210,3
DA:211,3
DA:212,3
DA:213,0
DA:214,1
DA:215,1
DA:216,5
DA:218,14
DA:220,14
DA:221,17
DA:222,8
DA:223,8
DA:224,8
DA:226,5
DA:227,3
DA:228,3
DA:230,9
DA:231,14
DA:233,14
DA:234,14
DA:235,33
DA:236,27
DA:237,8
DA:238,19
DA:239,19
DA:241,6
DA:242,14
DA:244,15
DA:245,15
DA:246,15
BRF:0
BRH:0
LF:122
LH:114
end_of_record
SF:/home/ggtest/Work/Claude/MDViewer/.claude/worktrees/mdviewer-android/crates/mdviewer-core/src/auto_merge.rs
FN:52,_RNvNtNtCs3ikr03e7esg_13mdviewer_core10auto_merge5testss_28round_trip_preserves_variant
FN:35,_RNvNtNtCs3ikr03e7esg_13mdviewer_core10auto_merge5testss_32variants_serialize_as_snake_case
FN:42,_RNvNtNtCs3ikr03e7esg_13mdviewer_core10auto_merge5testss_36variants_deserialize_from_snake_case
FNDA:1,_RNvNtNtCs3ikr03e7esg_13mdviewer_core10auto_merge5testss_28round_trip_preserves_variant
FNDA:1,_RNvNtNtCs3ikr03e7esg_13mdviewer_core10auto_merge5testss_32variants_serialize_as_snake_case
FNDA:1,_RNvNtNtCs3ikr03e7esg_13mdviewer_core10auto_merge5testss_36variants_deserialize_from_snake_case
FNF:3
FNH:3
DA:35,1
DA:36,1
DA:37,1
DA:38,1
DA:39,1
DA:42,1
DA:43,1
DA:44,1
DA:45,1
DA:46,1
DA:47,1
DA:48,1
DA:49,1
DA:52,1
DA:53,3
DA:54,1
DA:55,1
DA:56,1
DA:57,1
DA:58,3
DA:59,3
DA:60,3
DA:62,1
BRF:0
BRH:0
LF:23
LH:23
end_of_record
SF:/home/ggtest/Work/Claude/MDViewer/.claude/worktrees/mdviewer-android/crates/mdviewer-core/src/comments.rs
FN:152,_RNvMs_NtCsiFtzeUpmjej_13mdviewer_core8commentsNtB4_13CommentsStore10get_thread
FN:182,_RNvMs_NtCsiFtzeUpmjej_13mdviewer_core8commentsNtB4_13CommentsStore10post_reply
FN:223,_RNvMs_NtCsiFtzeUpmjej_13mdviewer_core8commentsNtB4_13CommentsStore11replace_all
FN:128,_RNvMs_NtCsiFtzeUpmjej_13mdviewer_core8commentsNtB4_13CommentsStore12from_threads
FN:148,_RNvMs_NtCsiFtzeUpmjej_13mdviewer_core8commentsNtB4_13CommentsStore12list_threads
FN:159,_RNvMs_NtCsiFtzeUpmjej_13mdviewer_core8commentsNtB4_13CommentsStore13create_thread
FN:204,_RNvMs_NtCsiFtzeUpmjej_13mdviewer_core8commentsNtB4_13CommentsStore14resolve_thread
FN:120,_RNvMs_NtCsiFtzeUpmjej_13mdviewer_core8commentsNtB4_13CommentsStore3new
FN:143,_RNvMs_NtCsiFtzeUpmjej_13mdviewer_core8commentsNtB4_13CommentsStore4emit
FN:137,_RNvMs_NtCsiFtzeUpmjej_13mdviewer_core8commentsNtB4_13CommentsStore9subscribe
FN:229,_RNvNtCsiFtzeUpmjej_13mdviewer_core8comments11now_rfc3339
FN:354,_RNvNtCsiFtzeUpmjej_13mdviewer_core8comments12merge_stores
FN:392,_RNvNtCsiFtzeUpmjej_13mdviewer_core8comments12union_thread
FN:252,_RNvNtCsiFtzeUpmjej_13mdviewer_core8comments15civil_from_days
FN:372,_RNvNtCsiFtzeUpmjej_13mdviewer_core8comments16post_merge_union
FN:303,_RNvNtCsiFtzeUpmjej_13mdviewer_core8comments18store_to_automerge
FN:316,_RNvNtCsiFtzeUpmjej_13mdviewer_core8comments20store_from_automerge
FN:271,_RNvNtCsiFtzeUpmjej_13mdviewer_core8comments6new_id
FN:355,_RNvNvNtCsiFtzeUpmjej_13mdviewer_core8comments12merge_stores9try_merge
FN:114,_RNvXNtCsiFtzeUpmjej_13mdviewer_core8commentsNtB2_13CommentsStoreNtNtCsgEmfK2I1SDS_4core7default7Default7default
FN:378,_RNCNCNvNtCsiFtzeUpmjej_13mdviewer_core8comments16post_merge_union00B7_
FN:153,_RNCNvMs_NtCsiFtzeUpmjej_13mdviewer_core8commentsNtB6_13CommentsStore10get_thread0B8_
FN:190,_RNCNvMs_NtCsiFtzeUpmjej_13mdviewer_core8commentsNtB6_13CommentsStore10post_reply0B8_
FN:212,_RNCNvMs_NtCsiFtzeUpmjej_13mdviewer_core8commentsNtB6_13CommentsStore14resolve_thread0B8_
FN:145,_RNCNvMs_NtCsiFtzeUpmjej_13mdviewer_core8commentsNtB6_13CommentsStore4emit0B8_
FN:365,_RNCNvNtCsiFtzeUpmjej_13mdviewer_core8comments12merge_stores0B5_
FN:403,_RNCNvNtCsiFtzeUpmjej_13mdviewer_core8comments12union_thread0B5_
FN:377,_RNCNvNtCsiFtzeUpmjej_13mdviewer_core8comments16post_merge_union0B5_
FN:308,_RNCNvNtCsiFtzeUpmjej_13mdviewer_core8comments18store_to_automerge0B5_
FN:322,_RNCNvNtCsiFtzeUpmjej_13mdviewer_core8comments20store_from_automerge0B5_
FN:326,_RNCNvNtCsiFtzeUpmjej_13mdviewer_core8comments20store_from_automerges_0B5_
FN:378,_RNCNCNvNtCsekErrGBc1MS_13mdviewer_core8comments16post_merge_union00B7_
FN:153,_RNCNvMs_NtCsekErrGBc1MS_13mdviewer_core8commentsNtB6_13CommentsStore10get_thread0B8_
FN:190,_RNCNvMs_NtCsekErrGBc1MS_13mdviewer_core8commentsNtB6_13CommentsStore10post_reply0B8_
FN:212,_RNCNvMs_NtCsekErrGBc1MS_13mdviewer_core8commentsNtB6_13CommentsStore14resolve_thread0B8_
FN:145,_RNCNvMs_NtCsekErrGBc1MS_13mdviewer_core8commentsNtB6_13CommentsStore4emit0B8_
FN:365,_RNCNvNtCsekErrGBc1MS_13mdviewer_core8comments12merge_stores0B5_
FN:403,_RNCNvNtCsekErrGBc1MS_13mdviewer_core8comments12union_thread0B5_
FN:377,_RNCNvNtCsekErrGBc1MS_13mdviewer_core8comments16post_merge_union0B5_
FN:308,_RNCNvNtCsekErrGBc1MS_13mdviewer_core8comments18store_to_automerge0B5_
FN:322,_RNCNvNtCsekErrGBc1MS_13mdviewer_core8comments20store_from_automerge0B5_
FN:326,_RNCNvNtCsekErrGBc1MS_13mdviewer_core8comments20store_from_automerges_0B5_
FN:152,_RNvMs_NtCsekErrGBc1MS_13mdviewer_core8commentsNtB4_13CommentsStore10get_thread
FN:182,_RNvMs_NtCsekErrGBc1MS_13mdviewer_core8commentsNtB4_13CommentsStore10post_reply
FN:223,_RNvMs_NtCsekErrGBc1MS_13mdviewer_core8commentsNtB4_13CommentsStore11replace_all
FN:128,_RNvMs_NtCsekErrGBc1MS_13mdviewer_core8commentsNtB4_13CommentsStore12from_threads
FN:148,_RNvMs_NtCsekErrGBc1MS_13mdviewer_core8commentsNtB4_13CommentsStore12list_threads
FN:159,_RNvMs_NtCsekErrGBc1MS_13mdviewer_core8commentsNtB4_13CommentsStore13create_thread
FN:204,_RNvMs_NtCsekErrGBc1MS_13mdviewer_core8commentsNtB4_13CommentsStore14resolve_thread
FN:120,_RNvMs_NtCsekErrGBc1MS_13mdviewer_core8commentsNtB4_13CommentsStore3new
FN:143,_RNvMs_NtCsekErrGBc1MS_13mdviewer_core8commentsNtB4_13CommentsStore4emit
FN:137,_RNvMs_NtCsekErrGBc1MS_13mdviewer_core8commentsNtB4_13CommentsStore9subscribe
FN:229,_RNvNtCsekErrGBc1MS_13mdviewer_core8comments11now_rfc3339
FN:354,_RNvNtCsekErrGBc1MS_13mdviewer_core8comments12merge_stores
FN:392,_RNvNtCsekErrGBc1MS_13mdviewer_core8comments12union_thread
FN:252,_RNvNtCsekErrGBc1MS_13mdviewer_core8comments15civil_from_days
FN:372,_RNvNtCsekErrGBc1MS_13mdviewer_core8comments16post_merge_union
FN:303,_RNvNtCsekErrGBc1MS_13mdviewer_core8comments18store_to_automerge
FN:316,_RNvNtCsekErrGBc1MS_13mdviewer_core8comments20store_from_automerge
FN:271,_RNvNtCsekErrGBc1MS_13mdviewer_core8comments6new_id
FN:355,_RNvNvNtCsekErrGBc1MS_13mdviewer_core8comments12merge_stores9try_merge
FN:114,_RNvXNtCsekErrGBc1MS_13mdviewer_core8commentsNtB2_13CommentsStoreNtNtCsgEmfK2I1SDS_4core7default7Default7default
FN:378,_RNCNCNvNtCs3ikr03e7esg_13mdviewer_core8comments16post_merge_union00B7_
FN:153,_RNCNvMs_NtCs3ikr03e7esg_13mdviewer_core8commentsNtB6_13CommentsStore10get_thread0B8_
FN:190,_RNCNvMs_NtCs3ikr03e7esg_13mdviewer_core8commentsNtB6_13CommentsStore10post_reply0B8_
FN:212,_RNCNvMs_NtCs3ikr03e7esg_13mdviewer_core8commentsNtB6_13CommentsStore14resolve_thread0B8_
FN:145,_RNCNvMs_NtCs3ikr03e7esg_13mdviewer_core8commentsNtB6_13CommentsStore4emit0B8_
FN:365,_RNCNvNtCs3ikr03e7esg_13mdviewer_core8comments12merge_stores0B5_
FN:403,_RNCNvNtCs3ikr03e7esg_13mdviewer_core8comments12union_thread0B5_
FN:377,_RNCNvNtCs3ikr03e7esg_13mdviewer_core8comments16post_merge_union0B5_
FN:152,_RNvMs_NtCs3ikr03e7esg_13mdviewer_core8commentsNtB4_13CommentsStore10get_thread
FN:182,_RNvMs_NtCs3ikr03e7esg_13mdviewer_core8commentsNtB4_13CommentsStore10post_reply
FN:223,_RNvMs_NtCs3ikr03e7esg_13mdviewer_core8commentsNtB4_13CommentsStore11replace_all
FN:159,_RNvMs_NtCs3ikr03e7esg_13mdviewer_core8commentsNtB4_13CommentsStore13create_thread
FN:204,_RNvMs_NtCs3ikr03e7esg_13mdviewer_core8commentsNtB4_13CommentsStore14resolve_thread
FN:143,_RNvMs_NtCs3ikr03e7esg_13mdviewer_core8commentsNtB4_13CommentsStore4emit
FN:137,_RNvMs_NtCs3ikr03e7esg_13mdviewer_core8commentsNtB4_13CommentsStore9subscribe
FN:229,_RNvNtCs3ikr03e7esg_13mdviewer_core8comments11now_rfc3339
FN:354,_RNvNtCs3ikr03e7esg_13mdviewer_core8comments12merge_stores
FN:392,_RNvNtCs3ikr03e7esg_13mdviewer_core8comments12union_thread
FN:252,_RNvNtCs3ikr03e7esg_13mdviewer_core8comments15civil_from_days
FN:372,_RNvNtCs3ikr03e7esg_13mdviewer_core8comments16post_merge_union
FN:271,_RNvNtCs3ikr03e7esg_13mdviewer_core8comments6new_id
FN:355,_RNvNvNtCs3ikr03e7esg_13mdviewer_core8comments12merge_stores9try_merge
FN:114,_RNvXNtCs3ikr03e7esg_13mdviewer_core8commentsNtB2_13CommentsStoreNtNtCsgEmfK2I1SDS_4core7default7Default7default
FN:128,_RNvMs_NtCs3ikr03e7esg_13mdviewer_core8commentsNtB4_13CommentsStore12from_threads
FN:148,_RNvMs_NtCs3ikr03e7esg_13mdviewer_core8commentsNtB4_13CommentsStore12list_threads
FN:120,_RNvMs_NtCs3ikr03e7esg_13mdviewer_core8commentsNtB4_13CommentsStore3new
FN:303,_RNvNtCs3ikr03e7esg_13mdviewer_core8comments18store_to_automerge
FN:316,_RNvNtCs3ikr03e7esg_13mdviewer_core8comments20store_from_automerge
FN:308,_RNCNvNtCs3ikr03e7esg_13mdviewer_core8comments18store_to_automerge0B5_
FN:322,_RNCNvNtCs3ikr03e7esg_13mdviewer_core8comments20store_from_automerge0B5_
FN:326,_RNCNvNtCs3ikr03e7esg_13mdviewer_core8comments20store_from_automerges_0B5_
FNDA:3,_RNvMs_NtCsiFtzeUpmjej_13mdviewer_core8commentsNtB4_13CommentsStore10get_thread
FNDA:3,_RNvMs_NtCsiFtzeUpmjej_13mdviewer_core8commentsNtB4_13CommentsStore10post_reply
FNDA:4,_RNvMs_NtCsiFtzeUpmjej_13mdviewer_core8commentsNtB4_13CommentsStore11replace_all
FNDA:22,_RNvMs_NtCsiFtzeUpmjej_13mdviewer_core8commentsNtB4_13CommentsStore12from_threads
FNDA:126,_RNvMs_NtCsiFtzeUpmjej_13mdviewer_core8commentsNtB4_13CommentsStore12list_threads
FNDA:29,_RNvMs_NtCsiFtzeUpmjej_13mdviewer_core8commentsNtB4_13CommentsStore13create_thread
FNDA:3,_RNvMs_NtCsiFtzeUpmjej_13mdviewer_core8commentsNtB4_13CommentsStore14resolve_thread
FNDA:61,_RNvMs_NtCsiFtzeUpmjej_13mdviewer_core8commentsNtB4_13CommentsStore3new
FNDA:37,_RNvMs_NtCsiFtzeUpmjej_13mdviewer_core8commentsNtB4_13CommentsStore4emit
FNDA:6,_RNvMs_NtCsiFtzeUpmjej_13mdviewer_core8commentsNtB4_13CommentsStore9subscribe
FNDA:33,_RNvNtCsiFtzeUpmjej_13mdviewer_core8comments11now_rfc3339
FNDA:6,_RNvNtCsiFtzeUpmjej_13mdviewer_core8comments12merge_stores
FNDA:0,_RNvNtCsiFtzeUpmjej_13mdviewer_core8comments12union_thread
FNDA:33,_RNvNtCsiFtzeUpmjej_13mdviewer_core8comments15civil_from_days
FNDA:6,_RNvNtCsiFtzeUpmjej_13mdviewer_core8comments16post_merge_union
FNDA:21,_RNvNtCsiFtzeUpmjej_13mdviewer_core8comments18store_to_automerge
FNDA:13,_RNvNtCsiFtzeUpmjej_13mdviewer_core8comments20store_from_automerge
FNDA:60,_RNvNtCsiFtzeUpmjej_13mdviewer_core8comments6new_id
FNDA:6,_RNvNvNtCsiFtzeUpmjej_13mdviewer_core8comments12merge_stores9try_merge
FNDA:1,_RNvXNtCsiFtzeUpmjej_13mdviewer_core8commentsNtB2_13CommentsStoreNtNtCsgEmfK2I1SDS_4core7default7Default7default
FNDA:25,_RNCNCNvNtCsiFtzeUpmjej_13mdviewer_core8comments16post_merge_union00B7_
FNDA:2,_RNCNvMs_NtCsiFtzeUpmjej_13mdviewer_core8commentsNtB6_13CommentsStore10get_thread0B8_
FNDA:2,_RNCNvMs_NtCsiFtzeUpmjej_13mdviewer_core8commentsNtB6_13CommentsStore10post_reply0B8_
FNDA:2,_RNCNvMs_NtCsiFtzeUpmjej_13mdviewer_core8commentsNtB6_13CommentsStore14resolve_thread0B8_
FNDA:6,_RNCNvMs_NtCsiFtzeUpmjej_13mdviewer_core8commentsNtB6_13CommentsStore4emit0B8_
FNDA:0,_RNCNvNtCsiFtzeUpmjej_13mdviewer_core8comments12merge_stores0B5_
FNDA:0,_RNCNvNtCsiFtzeUpmjej_13mdviewer_core8comments12union_thread0B5_
FNDA:24,_RNCNvNtCsiFtzeUpmjej_13mdviewer_core8comments16post_merge_union0B5_
FNDA:0,_RNCNvNtCsiFtzeUpmjej_13mdviewer_core8comments18store_to_automerge0B5_
FNDA:0,_RNCNvNtCsiFtzeUpmjej_13mdviewer_core8comments20store_from_automerge0B5_
FNDA:0,_RNCNvNtCsiFtzeUpmjej_13mdviewer_core8comments20store_from_automerges_0B5_
FNDA:0,_RNCNCNvNtCsekErrGBc1MS_13mdviewer_core8comments16post_merge_union00B7_
FNDA:0,_RNCNvMs_NtCsekErrGBc1MS_13mdviewer_core8commentsNtB6_13CommentsStore10get_thread0B8_
FNDA:0,_RNCNvMs_NtCsekErrGBc1MS_13mdviewer_core8commentsNtB6_13CommentsStore10post_reply0B8_
FNDA:0,_RNCNvMs_NtCsekErrGBc1MS_13mdviewer_core8commentsNtB6_13CommentsStore14resolve_thread0B8_
FNDA:0,_RNCNvMs_NtCsekErrGBc1MS_13mdviewer_core8commentsNtB6_13CommentsStore4emit0B8_
FNDA:0,_RNCNvNtCsekErrGBc1MS_13mdviewer_core8comments12merge_stores0B5_
FNDA:0,_RNCNvNtCsekErrGBc1MS_13mdviewer_core8comments12union_thread0B5_
FNDA:0,_RNCNvNtCsekErrGBc1MS_13mdviewer_core8comments16post_merge_union0B5_
FNDA:0,_RNCNvNtCsekErrGBc1MS_13mdviewer_core8comments18store_to_automerge0B5_
FNDA:0,_RNCNvNtCsekErrGBc1MS_13mdviewer_core8comments20store_from_automerge0B5_
FNDA:0,_RNCNvNtCsekErrGBc1MS_13mdviewer_core8comments20store_from_automerges_0B5_
FNDA:0,_RNvMs_NtCsekErrGBc1MS_13mdviewer_core8commentsNtB4_13CommentsStore10get_thread
FNDA:0,_RNvMs_NtCsekErrGBc1MS_13mdviewer_core8commentsNtB4_13CommentsStore10post_reply
FNDA:0,_RNvMs_NtCsekErrGBc1MS_13mdviewer_core8commentsNtB4_13CommentsStore11replace_all
FNDA:0,_RNvMs_NtCsekErrGBc1MS_13mdviewer_core8commentsNtB4_13CommentsStore12from_threads
FNDA:0,_RNvMs_NtCsekErrGBc1MS_13mdviewer_core8commentsNtB4_13CommentsStore12list_threads
FNDA:0,_RNvMs_NtCsekErrGBc1MS_13mdviewer_core8commentsNtB4_13CommentsStore13create_thread
FNDA:0,_RNvMs_NtCsekErrGBc1MS_13mdviewer_core8commentsNtB4_13CommentsStore14resolve_thread
FNDA:0,_RNvMs_NtCsekErrGBc1MS_13mdviewer_core8commentsNtB4_13CommentsStore3new
FNDA:0,_RNvMs_NtCsekErrGBc1MS_13mdviewer_core8commentsNtB4_13CommentsStore4emit
FNDA:0,_RNvMs_NtCsekErrGBc1MS_13mdviewer_core8commentsNtB4_13CommentsStore9subscribe
FNDA:0,_RNvNtCsekErrGBc1MS_13mdviewer_core8comments11now_rfc3339
FNDA:0,_RNvNtCsekErrGBc1MS_13mdviewer_core8comments12merge_stores
FNDA:0,_RNvNtCsekErrGBc1MS_13mdviewer_core8comments12union_thread
FNDA:0,_RNvNtCsekErrGBc1MS_13mdviewer_core8comments15civil_from_days
FNDA:0,_RNvNtCsekErrGBc1MS_13mdviewer_core8comments16post_merge_union
FNDA:0,_RNvNtCsekErrGBc1MS_13mdviewer_core8comments18store_to_automerge
FNDA:0,_RNvNtCsekErrGBc1MS_13mdviewer_core8comments20store_from_automerge
FNDA:0,_RNvNtCsekErrGBc1MS_13mdviewer_core8comments6new_id
FNDA:0,_RNvNvNtCsekErrGBc1MS_13mdviewer_core8comments12merge_stores9try_merge
FNDA:0,_RNvXNtCsekErrGBc1MS_13mdviewer_core8commentsNtB2_13CommentsStoreNtNtCsgEmfK2I1SDS_4core7default7Default7default
FNDA:0,_RNCNCNvNtCs3ikr03e7esg_13mdviewer_core8comments16post_merge_union00B7_
FNDA:0,_RNCNvMs_NtCs3ikr03e7esg_13mdviewer_core8commentsNtB6_13CommentsStore10get_thread0B8_
FNDA:0,_RNCNvMs_NtCs3ikr03e7esg_13mdviewer_core8commentsNtB6_13CommentsStore10post_reply0B8_
FNDA:0,_RNCNvMs_NtCs3ikr03e7esg_13mdviewer_core8commentsNtB6_13CommentsStore14resolve_thread0B8_
FNDA:0,_RNCNvMs_NtCs3ikr03e7esg_13mdviewer_core8commentsNtB6_13CommentsStore4emit0B8_
FNDA:0,_RNCNvNtCs3ikr03e7esg_13mdviewer_core8comments12merge_stores0B5_
FNDA:0,_RNCNvNtCs3ikr03e7esg_13mdviewer_core8comments12union_thread0B5_
FNDA:0,_RNCNvNtCs3ikr03e7esg_13mdviewer_core8comments16post_merge_union0B5_
FNDA:0,_RNvMs_NtCs3ikr03e7esg_13mdviewer_core8commentsNtB4_13CommentsStore10get_thread
FNDA:0,_RNvMs_NtCs3ikr03e7esg_13mdviewer_core8commentsNtB4_13CommentsStore10post_reply
FNDA:0,_RNvMs_NtCs3ikr03e7esg_13mdviewer_core8commentsNtB4_13CommentsStore11replace_all
FNDA:0,_RNvMs_NtCs3ikr03e7esg_13mdviewer_core8commentsNtB4_13CommentsStore13create_thread
FNDA:0,_RNvMs_NtCs3ikr03e7esg_13mdviewer_core8commentsNtB4_13CommentsStore14resolve_thread
FNDA:0,_RNvMs_NtCs3ikr03e7esg_13mdviewer_core8commentsNtB4_13CommentsStore4emit
FNDA:0,_RNvMs_NtCs3ikr03e7esg_13mdviewer_core8commentsNtB4_13CommentsStore9subscribe
FNDA:0,_RNvNtCs3ikr03e7esg_13mdviewer_core8comments11now_rfc3339
FNDA:0,_RNvNtCs3ikr03e7esg_13mdviewer_core8comments12merge_stores
FNDA:0,_RNvNtCs3ikr03e7esg_13mdviewer_core8comments12union_thread
FNDA:0,_RNvNtCs3ikr03e7esg_13mdviewer_core8comments15civil_from_days
FNDA:0,_RNvNtCs3ikr03e7esg_13mdviewer_core8comments16post_merge_union
FNDA:0,_RNvNtCs3ikr03e7esg_13mdviewer_core8comments6new_id
FNDA:0,_RNvNvNtCs3ikr03e7esg_13mdviewer_core8comments12merge_stores9try_merge
FNDA:0,_RNvXNtCs3ikr03e7esg_13mdviewer_core8commentsNtB2_13CommentsStoreNtNtCsgEmfK2I1SDS_4core7default7Default7default
FNDA:1,_RNvMs_NtCs3ikr03e7esg_13mdviewer_core8commentsNtB4_13CommentsStore12from_threads
FNDA:4,_RNvMs_NtCs3ikr03e7esg_13mdviewer_core8commentsNtB4_13CommentsStore12list_threads
FNDA:1,_RNvMs_NtCs3ikr03e7esg_13mdviewer_core8commentsNtB4_13CommentsStore3new
FNDA:1,_RNvNtCs3ikr03e7esg_13mdviewer_core8comments18store_to_automerge
FNDA:1,_RNvNtCs3ikr03e7esg_13mdviewer_core8comments20store_from_automerge
FNDA:0,_RNCNvNtCs3ikr03e7esg_13mdviewer_core8comments18store_to_automerge0B5_
FNDA:0,_RNCNvNtCs3ikr03e7esg_13mdviewer_core8comments20store_from_automerge0B5_
FNDA:0,_RNCNvNtCs3ikr03e7esg_13mdviewer_core8comments20store_from_automerges_0B5_
FNF:31
FNH:25
DA:114,1
DA:115,1
DA:116,1
DA:120,62
DA:121,62
DA:122,62
DA:123,62
DA:124,62
DA:125,62
DA:128,23
DA:129,23
DA:130,23
DA:131,23
DA:132,23
DA:133,23
DA:137,6
DA:138,6
DA:139,6
DA:140,6
DA:141,6
DA:143,37
DA:144,37
DA:145,37
DA:146,37
DA:148,130
DA:149,130
DA:150,130
DA:152,3
DA:153,3
DA:154,3
DA:159,29
DA:160,29
DA:161,29
DA:162,29
DA:163,29
DA:164,29
DA:165,29
DA:166,29
DA:167,29
DA:168,29
DA:169,29
DA:170,29
DA:171,29
DA:172,29
DA:173,29
DA:174,29
DA:175,29
DA:176,29
DA:177,29
DA:178,29
DA:179,29
DA:180,29
DA:182,3
DA:183,3
DA:184,3
DA:185,3
DA:186,3
DA:187,3
DA:188,3
DA:189,3
DA:190,3
DA:191,3
DA:192,2
DA:193,2
DA:194,2
DA:195,2
DA:196,2
DA:197,2
DA:198,2
DA:199,2
DA:200,2
DA:201,2
DA:202,3
DA:204,3
DA:205,3
DA:206,3
DA:207,3
DA:208,3
DA:209,3
DA:210,3
DA:211,3
DA:212,3
DA:213,3
DA:214,2
DA:215,2
DA:216,2
DA:217,2
DA:218,2
DA:219,3
DA:223,4
DA:224,4
DA:225,4
DA:226,4
DA:229,33
DA:231,33
DA:232,33
DA:233,33
DA:234,33
DA:238,33
DA:239,33
DA:240,33
DA:241,33
DA:242,33
DA:243,33
DA:244,33
DA:247,33
DA:252,33
DA:253,33
DA:254,33
DA:255,33
DA:256,33
DA:257,33
DA:258,33
DA:259,33
DA:260,33
DA:261,33
DA:262,33
DA:263,33
DA:264,33
DA:271,60
DA:274,60
DA:275,60
DA:276,60
DA:277,60
DA:278,60
DA:279,60
DA:280,60
DA:303,22
DA:304,22
DA:305,22
DA:306,21
DA:307,21
DA:308,21
DA:310,22
DA:311,22
DA:316,14
DA:317,14
DA:318,14
DA:319,20
DA:320,20
DA:321,20
DA:322,20
DA:323,20
DA:324,20
DA:325,20
DA:326,20
DA:327,20
DA:328,0
DA:329,0
DA:331,14
DA:332,14
DA:354,6
DA:355,6
DA:356,6
DA:357,6
DA:358,6
DA:359,6
DA:360,6
DA:361,6
DA:362,6
DA:363,6
DA:364,6
DA:365,6
DA:366,6
DA:372,6
DA:373,6
DA:374,6
DA:375,6
DA:376,6
DA:377,24
DA:378,25
DA:379,24
DA:380,6
DA:381,12
DA:382,12
DA:383,12
DA:384,12
DA:385,0
DA:386,12
DA:389,6
DA:390,6
DA:392,0
DA:394,0
DA:395,0
DA:396,0
DA:397,0
DA:398,0
DA:399,0
DA:403,0
DA:404,0
DA:405,0
DA:406,0
DA:407,0
DA:408,0
DA:409,0
DA:410,0
DA:411,0
DA:412,0
DA:413,0
DA:414,0
DA:415,0
BRF:0
BRH:0
LF:212
LH:184
end_of_record
SF:/home/ggtest/Work/Claude/MDViewer/.claude/worktrees/mdviewer-android/crates/mdviewer-core/src/document.rs
FN:271,_RNvNtCsiFtzeUpmjej_13mdviewer_core8document10emit_close
FN:66,_RNvNtCsiFtzeUpmjej_13mdviewer_core8document10syntax_set
FN:305,_RNvNtCsiFtzeUpmjej_13mdviewer_core8document11escape_html
FN:293,_RNvNtCsiFtzeUpmjej_13mdviewer_core8document11heading_tag
FN:197,_RNvNtCsiFtzeUpmjej_13mdviewer_core8document15emit_code_block
FN:84,_RNvNtCsiFtzeUpmjej_13mdviewer_core8document15render_markdown
FN:71,_RNvNtCsiFtzeUpmjej_13mdviewer_core8document5theme
FN:243,_RNvNtCsiFtzeUpmjej_13mdviewer_core8document9emit_open
FN:45,_RNvXNtCsiFtzeUpmjej_13mdviewer_core8documentNtB2_13RenderOptionsNtNtCsgEmfK2I1SDS_4core7default7Default7default
FN:213,_RNCNvNtCsiFtzeUpmjej_13mdviewer_core8document15emit_code_block0B5_
FN:78,_RNCNvNtCsiFtzeUpmjej_13mdviewer_core8document5theme0B5_
FN:213,_RNCNvNtCsekErrGBc1MS_13mdviewer_core8document15emit_code_block0B5_
FN:78,_RNCNvNtCsekErrGBc1MS_13mdviewer_core8document5theme0B5_
FN:271,_RNvNtCsekErrGBc1MS_13mdviewer_core8document10emit_close
FN:66,_RNvNtCsekErrGBc1MS_13mdviewer_core8document10syntax_set
FN:305,_RNvNtCsekErrGBc1MS_13mdviewer_core8document11escape_html
FN:293,_RNvNtCsekErrGBc1MS_13mdviewer_core8document11heading_tag
FN:197,_RNvNtCsekErrGBc1MS_13mdviewer_core8document15emit_code_block
FN:84,_RNvNtCsekErrGBc1MS_13mdviewer_core8document15render_markdown
FN:71,_RNvNtCsekErrGBc1MS_13mdviewer_core8document5theme
FN:243,_RNvNtCsekErrGBc1MS_13mdviewer_core8document9emit_open
FN:45,_RNvXNtCsekErrGBc1MS_13mdviewer_core8documentNtB2_13RenderOptionsNtNtCsgEmfK2I1SDS_4core7default7Default7default
FN:45,_RNvXNtCs3ikr03e7esg_13mdviewer_core8documentNtB2_13RenderOptionsNtNtCsgEmfK2I1SDS_4core7default7Default7default
FN:271,_RNvNtCs3ikr03e7esg_13mdviewer_core8document10emit_close
FN:66,_RNvNtCs3ikr03e7esg_13mdviewer_core8document10syntax_set
FN:305,_RNvNtCs3ikr03e7esg_13mdviewer_core8document11escape_html
FN:293,_RNvNtCs3ikr03e7esg_13mdviewer_core8document11heading_tag
FN:197,_RNvNtCs3ikr03e7esg_13mdviewer_core8document15emit_code_block
FN:84,_RNvNtCs3ikr03e7esg_13mdviewer_core8document15render_markdown
FN:71,_RNvNtCs3ikr03e7esg_13mdviewer_core8document5theme
FN:243,_RNvNtCs3ikr03e7esg_13mdviewer_core8document9emit_open
FN:213,_RNCNvNtCs3ikr03e7esg_13mdviewer_core8document15emit_code_block0B5_
FN:78,_RNCNvNtCs3ikr03e7esg_13mdviewer_core8document5theme0B5_
FNDA:83,_RNvNtCsiFtzeUpmjej_13mdviewer_core8document10emit_close
FNDA:3,_RNvNtCsiFtzeUpmjej_13mdviewer_core8document10syntax_set
FNDA:108,_RNvNtCsiFtzeUpmjej_13mdviewer_core8document11escape_html
FNDA:56,_RNvNtCsiFtzeUpmjej_13mdviewer_core8document11heading_tag
FNDA:8,_RNvNtCsiFtzeUpmjej_13mdviewer_core8document15emit_code_block
FNDA:49,_RNvNtCsiFtzeUpmjej_13mdviewer_core8document15render_markdown
FNDA:2,_RNvNtCsiFtzeUpmjej_13mdviewer_core8document5theme
FNDA:83,_RNvNtCsiFtzeUpmjej_13mdviewer_core8document9emit_open
FNDA:24,_RNvXNtCsiFtzeUpmjej_13mdviewer_core8documentNtB2_13RenderOptionsNtNtCsgEmfK2I1SDS_4core7default7Default7default
FNDA:1,_RNCNvNtCsiFtzeUpmjej_13mdviewer_core8document15emit_code_block0B5_
FNDA:0,_RNCNvNtCsiFtzeUpmjej_13mdviewer_core8document5theme0B5_
FNDA:0,_RNCNvNtCsekErrGBc1MS_13mdviewer_core8document15emit_code_block0B5_
FNDA:0,_RNCNvNtCsekErrGBc1MS_13mdviewer_core8document5theme0B5_
FNDA:0,_RNvNtCsekErrGBc1MS_13mdviewer_core8document10emit_close
FNDA:0,_RNvNtCsekErrGBc1MS_13mdviewer_core8document10syntax_set
FNDA:0,_RNvNtCsekErrGBc1MS_13mdviewer_core8document11escape_html
FNDA:0,_RNvNtCsekErrGBc1MS_13mdviewer_core8document11heading_tag
FNDA:0,_RNvNtCsekErrGBc1MS_13mdviewer_core8document15emit_code_block
FNDA:0,_RNvNtCsekErrGBc1MS_13mdviewer_core8document15render_markdown
FNDA:0,_RNvNtCsekErrGBc1MS_13mdviewer_core8document5theme
FNDA:0,_RNvNtCsekErrGBc1MS_13mdviewer_core8document9emit_open
FNDA:0,_RNvXNtCsekErrGBc1MS_13mdviewer_core8documentNtB2_13RenderOptionsNtNtCsgEmfK2I1SDS_4core7default7Default7default
FNDA:0,_RNvXNtCs3ikr03e7esg_13mdviewer_core8documentNtB2_13RenderOptionsNtNtCsgEmfK2I1SDS_4core7default7Default7default
FNDA:1,_RNvNtCs3ikr03e7esg_13mdviewer_core8document10emit_close
FNDA:0,_RNvNtCs3ikr03e7esg_13mdviewer_core8document10syntax_set
FNDA:1,_RNvNtCs3ikr03e7esg_13mdviewer_core8document11escape_html
FNDA:2,_RNvNtCs3ikr03e7esg_13mdviewer_core8document11heading_tag
FNDA:0,_RNvNtCs3ikr03e7esg_13mdviewer_core8document15emit_code_block
FNDA:1,_RNvNtCs3ikr03e7esg_13mdviewer_core8document15render_markdown
FNDA:0,_RNvNtCs3ikr03e7esg_13mdviewer_core8document5theme
FNDA:1,_RNvNtCs3ikr03e7esg_13mdviewer_core8document9emit_open
FNDA:0,_RNCNvNtCs3ikr03e7esg_13mdviewer_core8document15emit_code_block0B5_
FNDA:0,_RNCNvNtCs3ikr03e7esg_13mdviewer_core8document5theme0B5_
FNF:11
FNH:10
DA:45,24
DA:46,24
DA:47,24
DA:48,24
DA:49,24
DA:50,24
DA:66,3
DA:68,3
DA:69,3
DA:71,2
DA:73,2
DA:76,2
DA:77,2
DA:78,2
DA:79,2
DA:80,2
DA:84,50
DA:85,50
DA:86,50
DA:87,50
DA:88,50
DA:89,50
DA:91,50
DA:93,50
DA:94,50
DA:95,50
DA:96,50
DA:97,50
DA:101,50
DA:106,50
DA:108,319
DA:109,8
DA:110,7
DA:111,7
DA:112,7
DA:113,7
DA:114,7
DA:115,1
DA:116,1
DA:117,1
DA:118,1
DA:119,1
DA:120,8
DA:121,8
DA:122,8
DA:123,8
DA:124,8
DA:125,8
DA:126,1
DA:127,1
DA:128,1
DA:129,1
DA:130,1
DA:131,1
DA:132,1
DA:133,1
DA:134,9
DA:135,92
DA:136,91
DA:137,91
DA:138,91
DA:139,91
DA:140,91
DA:141,91
DA:142,91
DA:143,91
DA:144,91
DA:145,91
DA:146,3
DA:147,3
DA:148,3
DA:149,3
DA:150,3
DA:151,3
DA:152,3
DA:153,3
DA:154,3
DA:155,3
DA:156,2
DA:157,2
DA:158,2
DA:159,2
DA:160,2
DA:161,2
DA:162,2
DA:163,2
DA:165,8
DA:168,8
DA:170,84
DA:171,84
DA:172,2
DA:173,1
DA:174,1
DA:175,3
DA:176,3
DA:177,1
DA:178,2
DA:179,2
DA:180,2
DA:182,2
DA:183,2
DA:184,2
DA:185,2
DA:186,2
DA:190,0
DA:194,50
DA:195,50
DA:197,8
DA:198,8
DA:199,2
DA:200,1
DA:201,1
DA:202,1
DA:204,1
DA:205,1
DA:206,1
DA:207,1
DA:208,6
DA:209,6
DA:210,3
DA:211,3
DA:212,3
DA:213,3
DA:215,2
DA:216,2
DA:217,2
DA:219,2
DA:221,4
DA:222,4
DA:223,4
DA:224,4
DA:225,4
DA:226,4
DA:227,4
DA:228,0
DA:230,2
DA:231,2
DA:232,1
DA:233,3
DA:234,4
DA:235,2
DA:236,2
DA:237,2
DA:238,2
DA:239,4
DA:240,4
DA:241,8
DA:243,84
DA:244,5
DA:245,25
DA:246,29
DA:247,29
DA:248,29
DA:249,2
DA:250,1
DA:251,4
DA:252,9
DA:253,2
DA:254,2
DA:255,1
DA:256,3
DA:257,3
DA:258,3
DA:259,2
DA:260,0
DA:261,2
DA:262,0
DA:267,2
DA:269,84
DA:271,84
DA:272,84
DA:273,25
DA:274,29
DA:275,29
DA:276,29
DA:277,2
DA:278,1
DA:279,4
DA:280,9
DA:281,2
DA:282,2
DA:283,1
DA:284,3
DA:285,2
DA:286,0
DA:287,2
DA:288,0
DA:289,2
DA:291,84
DA:293,58
DA:295,58
DA:296,44
DA:297,6
DA:298,2
DA:299,2
DA:300,2
DA:301,2
DA:303,58
DA:305,109
DA:306,109
DA:307,814
DA:308,814
DA:309,1
DA:310,1
DA:311,3
DA:312,2
DA:313,2
DA:314,805
DA:317,109
DA:318,109
BRF:0
BRH:0
LF:212
LH:205
end_of_record
SF:/home/ggtest/Work/Claude/MDViewer/.claude/worktrees/mdviewer-android/crates/mdviewer-core/src/sidecar.rs
FN:126,_RNvNtCsiFtzeUpmjej_13mdviewer_core7sidecar17merge_with_policy
FN:68,_RNvNtCsiFtzeUpmjej_13mdviewer_core7sidecar18load_sidecar_bytes
FN:105,_RNvNtCsiFtzeUpmjej_13mdviewer_core7sidecar18save_sidecar_bytes
FN:126,_RNvNtCsekErrGBc1MS_13mdviewer_core7sidecar17merge_with_policy
FN:68,_RNvNtCsekErrGBc1MS_13mdviewer_core7sidecar18load_sidecar_bytes
FN:105,_RNvNtCsekErrGBc1MS_13mdviewer_core7sidecar18save_sidecar_bytes
FN:126,_RNvNtCs3ikr03e7esg_13mdviewer_core7sidecar17merge_with_policy
FN:68,_RNvNtCs3ikr03e7esg_13mdviewer_core7sidecar18load_sidecar_bytes
FN:105,_RNvNtCs3ikr03e7esg_13mdviewer_core7sidecar18save_sidecar_bytes
FNDA:7,_RNvNtCsiFtzeUpmjej_13mdviewer_core7sidecar17merge_with_policy
FNDA:14,_RNvNtCsiFtzeUpmjej_13mdviewer_core7sidecar18load_sidecar_bytes
FNDA:8,_RNvNtCsiFtzeUpmjej_13mdviewer_core7sidecar18save_sidecar_bytes
FNDA:0,_RNvNtCsekErrGBc1MS_13mdviewer_core7sidecar17merge_with_policy
FNDA:0,_RNvNtCsekErrGBc1MS_13mdviewer_core7sidecar18load_sidecar_bytes
FNDA:0,_RNvNtCsekErrGBc1MS_13mdviewer_core7sidecar18save_sidecar_bytes
FNDA:0,_RNvNtCs3ikr03e7esg_13mdviewer_core7sidecar17merge_with_policy
FNDA:2,_RNvNtCs3ikr03e7esg_13mdviewer_core7sidecar18load_sidecar_bytes
FNDA:1,_RNvNtCs3ikr03e7esg_13mdviewer_core7sidecar18save_sidecar_bytes
FNF:3
FNH:3
DA:68,16
DA:69,16
DA:70,2
DA:71,14
DA:74,14
DA:75,12
DA:77,7
DA:78,7
DA:79,7
DA:80,7
DA:81,7
DA:82,7
DA:83,7
DA:89,3
DA:90,3
DA:92,2
DA:94,16
DA:105,9
DA:106,9
DA:107,9
DA:108,9
DA:109,9
DA:110,9
DA:111,9
DA:112,9
DA:113,9
DA:126,7
DA:127,7
DA:128,7
DA:129,7
DA:130,7
DA:131,7
DA:132,7
DA:139,3
DA:141,4
DA:143,7
BRF:0
BRH:0
LF:36
LH:36
end_of_record
SF:/home/ggtest/Work/Claude/MDViewer/.claude/worktrees/mdviewer-android/crates/mdviewer-core/src/sidecar_path.rs
FN:34,_RNvNtCsiFtzeUpmjej_13mdviewer_core12sidecar_path16sidecar_filename
FN:34,_RNvNtCsekErrGBc1MS_13mdviewer_core12sidecar_path16sidecar_filename
FN:34,_RNvNtCs3ikr03e7esg_13mdviewer_core12sidecar_path16sidecar_filename
FN:72,_RNvNtNtCs3ikr03e7esg_13mdviewer_core12sidecar_path5testss_36multiple_name_tokens_all_substituted
FN:63,_RNvNtNtCs3ikr03e7esg_13mdviewer_core12sidecar_path5testss_45extensionless_filename_uses_full_name_as_stem
FN:56,_RNvNtNtCs3ikr03e7esg_13mdviewer_core12sidecar_path5testss_47dot_prefixed_filename_treats_whole_name_as_stem
FNDA:28,_RNvNtCsiFtzeUpmjej_13mdviewer_core12sidecar_path16sidecar_filename
FNDA:0,_RNvNtCsekErrGBc1MS_13mdviewer_core12sidecar_path16sidecar_filename
FNDA:4,_RNvNtCs3ikr03e7esg_13mdviewer_core12sidecar_path16sidecar_filename
FNDA:1,_RNvNtNtCs3ikr03e7esg_13mdviewer_core12sidecar_path5testss_36multiple_name_tokens_all_substituted
FNDA:1,_RNvNtNtCs3ikr03e7esg_13mdviewer_core12sidecar_path5testss_45extensionless_filename_uses_full_name_as_stem
FNDA:1,_RNvNtNtCs3ikr03e7esg_13mdviewer_core12sidecar_path5testss_47dot_prefixed_filename_treats_whole_name_as_stem
FNF:4
FNH:4
DA:34,32
DA:40,32
DA:41,30
DA:42,3
DA:44,32
DA:45,32
DA:56,1
DA:57,1
DA:58,1
DA:63,1
DA:64,1
DA:65,1
DA:72,1
DA:73,1
DA:74,1
DA:77,1
BRF:0
BRH:0
LF:16
LH:16
end_of_record
SF:/home/ggtest/Work/Claude/MDViewer/.claude/worktrees/mdviewer-android/crates/mdviewer-core/src/uniffi_bindgen_main.rs
FN:13,_RNvCs7r5CRIJ9vPw_14uniffi_bindgen4main
FN:13,_RNvCsc1VCx5zw3YW_14uniffi_bindgen4main
FNDA:0,_RNvCs7r5CRIJ9vPw_14uniffi_bindgen4main
FNDA:0,_RNvCsc1VCx5zw3YW_14uniffi_bindgen4main
FNF:1
FNH:0
DA:13,0
DA:14,0
DA:15,0
BRF:0
BRH:0
LF:3
LH:0
end_of_record
SF:/home/ggtest/Work/Claude/MDViewer/.claude/worktrees/mdviewer-android/crates/mdviewer-core/src/uniffi_bindings.rs
FN:224,_RNvMs3_NtCsiFtzeUpmjej_13mdviewer_core15uniffi_bindingsNtB5_19CommentsStoreHandle10from_store
FN:235,_RNvMs3_NtCsiFtzeUpmjej_13mdviewer_core15uniffi_bindingsNtB5_19CommentsStoreHandle7threads
FN:293,_RNvNtCsiFtzeUpmjej_13mdviewer_core15uniffi_bindings10u32_or_max
FN:252,_RNvNtCsiFtzeUpmjej_13mdviewer_core15uniffi_bindings15render_markdown
FN:281,_RNvNtCsiFtzeUpmjej_13mdviewer_core15uniffi_bindings16sidecar_filename
FN:261,_RNvNtCsiFtzeUpmjej_13mdviewer_core15uniffi_bindings18load_sidecar_bytes
FN:267,_RNvNtCsiFtzeUpmjej_13mdviewer_core15uniffi_bindings18save_sidecar_bytes
FN:65,_RNvXNtCsiFtzeUpmjej_13mdviewer_core15uniffi_bindingsNtB2_9CoreErrorINtNtCsgEmfK2I1SDS_4core7convert4FromNtCsiqrUEAaTIn_6anyhow5ErrorE4from
FN:135,_RNvXs0_NtCsiFtzeUpmjej_13mdviewer_core15uniffi_bindingsNtB5_6AnchorINtNtCsgEmfK2I1SDS_4core7convert4FromNtNtB7_6anchor6AnchorE4from
FN:162,_RNvXs1_NtCsiFtzeUpmjej_13mdviewer_core15uniffi_bindingsNtB5_7CommentINtNtCsgEmfK2I1SDS_4core7convert4FromNtNtB7_8comments7CommentE4from
FN:194,_RNvXs2_NtCsiFtzeUpmjej_13mdviewer_core15uniffi_bindingsNtB5_6ThreadINtNtCsgEmfK2I1SDS_4core7convert4FromNtNtB7_8comments6ThreadE4from
FN:102,_RNvXs_NtCsiFtzeUpmjej_13mdviewer_core15uniffi_bindingsNtB4_12RenderResultINtNtCsgEmfK2I1SDS_4core7convert4FromNtNtB6_8document12RenderResultE4from
FN:198,_RNCNvXs2_NtCsiFtzeUpmjej_13mdviewer_core15uniffi_bindingsNtB7_6ThreadINtNtCsgEmfK2I1SDS_4core7convert4FromNtNtB9_8comments6ThreadE4from0B9_
FN:108,_RNCNvXs_NtCsiFtzeUpmjej_13mdviewer_core15uniffi_bindingsNtB6_12RenderResultINtNtCsgEmfK2I1SDS_4core7convert4FromNtNtB8_8document12RenderResultE4from0B8_
FN:198,_RNCNvXs2_NtCsekErrGBc1MS_13mdviewer_core15uniffi_bindingsNtB7_6ThreadINtNtCsgEmfK2I1SDS_4core7convert4FromNtNtB9_8comments6ThreadE4from0B9_
FN:108,_RNCNvXs_NtCsekErrGBc1MS_13mdviewer_core15uniffi_bindingsNtB6_12RenderResultINtNtCsgEmfK2I1SDS_4core7convert4FromNtNtB8_8document12RenderResultE4from0B8_
FN:224,_RNvMs3_NtCsekErrGBc1MS_13mdviewer_core15uniffi_bindingsNtB5_19CommentsStoreHandle10from_store
FN:235,_RNvMs3_NtCsekErrGBc1MS_13mdviewer_core15uniffi_bindingsNtB5_19CommentsStoreHandle7threads
FN:293,_RNvNtCsekErrGBc1MS_13mdviewer_core15uniffi_bindings10u32_or_max
FN:252,_RNvNtCsekErrGBc1MS_13mdviewer_core15uniffi_bindings15render_markdown
FN:281,_RNvNtCsekErrGBc1MS_13mdviewer_core15uniffi_bindings16sidecar_filename
FN:261,_RNvNtCsekErrGBc1MS_13mdviewer_core15uniffi_bindings18load_sidecar_bytes
FN:267,_RNvNtCsekErrGBc1MS_13mdviewer_core15uniffi_bindings18save_sidecar_bytes
FN:65,_RNvXNtCsekErrGBc1MS_13mdviewer_core15uniffi_bindingsNtB2_9CoreErrorINtNtCsgEmfK2I1SDS_4core7convert4FromNtCsiqrUEAaTIn_6anyhow5ErrorE4from
FN:135,_RNvXs0_NtCsekErrGBc1MS_13mdviewer_core15uniffi_bindingsNtB5_6AnchorINtNtCsgEmfK2I1SDS_4core7convert4FromNtNtB7_6anchor6AnchorE4from
FN:162,_RNvXs1_NtCsekErrGBc1MS_13mdviewer_core15uniffi_bindingsNtB5_7CommentINtNtCsgEmfK2I1SDS_4core7convert4FromNtNtB7_8comments7CommentE4from
FN:194,_RNvXs2_NtCsekErrGBc1MS_13mdviewer_core15uniffi_bindingsNtB5_6ThreadINtNtCsgEmfK2I1SDS_4core7convert4FromNtNtB7_8comments6ThreadE4from
FN:102,_RNvXs_NtCsekErrGBc1MS_13mdviewer_core15uniffi_bindingsNtB4_12RenderResultINtNtCsgEmfK2I1SDS_4core7convert4FromNtNtB6_8document12RenderResultE4from
FN:198,_RNCNvXs2_NtCs3ikr03e7esg_13mdviewer_core15uniffi_bindingsNtB7_6ThreadINtNtCsgEmfK2I1SDS_4core7convert4FromNtNtB9_8comments6ThreadE4from0B9_
FN:108,_RNCNvXs_NtCs3ikr03e7esg_13mdviewer_core15uniffi_bindingsNtB6_12RenderResultINtNtCsgEmfK2I1SDS_4core7convert4FromNtNtB8_8document12RenderResultE4from0B8_
FN:396,_RNvNtNtCs3ikr03e7esg_13mdviewer_core15uniffi_bindings5testss_32u32_or_max_saturates_on_overflow
FN:306,_RNvNtNtCs3ikr03e7esg_13mdviewer_core15uniffi_bindings5testss_36anchor_into_wrapper_preserves_fields
FN:449,_RNvNtNtCs3ikr03e7esg_13mdviewer_core15uniffi_bindings5testss_40handle_round_trip_through_load_save_load
FN:462,_RNvNtNtCs3ikr03e7esg_13mdviewer_core15uniffi_bindings5testss_41render_markdown_wrapper_delegates_to_core
FN:411,_RNvNtNtCs3ikr03e7esg_13mdviewer_core15uniffi_bindings5testss_42anyhow_error_funnels_into_internal_variant
FN:422,_RNvNtNtCs3ikr03e7esg_13mdviewer_core15uniffi_bindings5testss_42render_result_projection_assigns_dom_index
FN:478,_RNvNtNtCs3ikr03e7esg_13mdviewer_core15uniffi_bindings5testss_42sidecar_filename_wrapper_substitutes_token
FN:326,_RNvNtNtCs3ikr03e7esg_13mdviewer_core15uniffi_bindings5testss_44thread_with_no_comments_has_empty_created_at
FN:350,_RNvNtNtCs3ikr03e7esg_13mdviewer_core15uniffi_bindings5testss_46thread_created_at_uses_first_comment_timestamp
FN:224,_RNvMs3_NtCs3ikr03e7esg_13mdviewer_core15uniffi_bindingsNtB5_19CommentsStoreHandle10from_store
FN:235,_RNvMs3_NtCs3ikr03e7esg_13mdviewer_core15uniffi_bindingsNtB5_19CommentsStoreHandle7threads
FN:293,_RNvNtCs3ikr03e7esg_13mdviewer_core15uniffi_bindings10u32_or_max
FN:252,_RNvNtCs3ikr03e7esg_13mdviewer_core15uniffi_bindings15render_markdown
FN:281,_RNvNtCs3ikr03e7esg_13mdviewer_core15uniffi_bindings16sidecar_filename
FN:261,_RNvNtCs3ikr03e7esg_13mdviewer_core15uniffi_bindings18load_sidecar_bytes
FN:267,_RNvNtCs3ikr03e7esg_13mdviewer_core15uniffi_bindings18save_sidecar_bytes
FN:65,_RNvXNtCs3ikr03e7esg_13mdviewer_core15uniffi_bindingsNtB2_9CoreErrorINtNtCsgEmfK2I1SDS_4core7convert4FromNtCsiqrUEAaTIn_6anyhow5ErrorE4from
FN:135,_RNvXs0_NtCs3ikr03e7esg_13mdviewer_core15uniffi_bindingsNtB5_6AnchorINtNtCsgEmfK2I1SDS_4core7convert4FromNtNtB7_6anchor6AnchorE4from
FN:162,_RNvXs1_NtCs3ikr03e7esg_13mdviewer_core15uniffi_bindingsNtB5_7CommentINtNtCsgEmfK2I1SDS_4core7convert4FromNtNtB7_8comments7CommentE4from
FN:194,_RNvXs2_NtCs3ikr03e7esg_13mdviewer_core15uniffi_bindingsNtB5_6ThreadINtNtCsgEmfK2I1SDS_4core7convert4FromNtNtB7_8comments6ThreadE4from
FN:102,_RNvXs_NtCs3ikr03e7esg_13mdviewer_core15uniffi_bindingsNtB4_12RenderResultINtNtCsgEmfK2I1SDS_4core7convert4FromNtNtB6_8document12RenderResultE4from
FNDA:0,_RNvMs3_NtCsiFtzeUpmjej_13mdviewer_core15uniffi_bindingsNtB5_19CommentsStoreHandle10from_store
FNDA:0,_RNvMs3_NtCsiFtzeUpmjej_13mdviewer_core15uniffi_bindingsNtB5_19CommentsStoreHandle7threads
FNDA:0,_RNvNtCsiFtzeUpmjej_13mdviewer_core15uniffi_bindings10u32_or_max
FNDA:0,_RNvNtCsiFtzeUpmjej_13mdviewer_core15uniffi_bindings15render_markdown
FNDA:0,_RNvNtCsiFtzeUpmjej_13mdviewer_core15uniffi_bindings16sidecar_filename
FNDA:0,_RNvNtCsiFtzeUpmjej_13mdviewer_core15uniffi_bindings18load_sidecar_bytes
FNDA:0,_RNvNtCsiFtzeUpmjej_13mdviewer_core15uniffi_bindings18save_sidecar_bytes
FNDA:0,_RNvXNtCsiFtzeUpmjej_13mdviewer_core15uniffi_bindingsNtB2_9CoreErrorINtNtCsgEmfK2I1SDS_4core7convert4FromNtCsiqrUEAaTIn_6anyhow5ErrorE4from
FNDA:0,_RNvXs0_NtCsiFtzeUpmjej_13mdviewer_core15uniffi_bindingsNtB5_6AnchorINtNtCsgEmfK2I1SDS_4core7convert4FromNtNtB7_6anchor6AnchorE4from
FNDA:0,_RNvXs1_NtCsiFtzeUpmjej_13mdviewer_core15uniffi_bindingsNtB5_7CommentINtNtCsgEmfK2I1SDS_4core7convert4FromNtNtB7_8comments7CommentE4from
FNDA:0,_RNvXs2_NtCsiFtzeUpmjej_13mdviewer_core15uniffi_bindingsNtB5_6ThreadINtNtCsgEmfK2I1SDS_4core7convert4FromNtNtB7_8comments6ThreadE4from
FNDA:0,_RNvXs_NtCsiFtzeUpmjej_13mdviewer_core15uniffi_bindingsNtB4_12RenderResultINtNtCsgEmfK2I1SDS_4core7convert4FromNtNtB6_8document12RenderResultE4from
FNDA:0,_RNCNvXs2_NtCsiFtzeUpmjej_13mdviewer_core15uniffi_bindingsNtB7_6ThreadINtNtCsgEmfK2I1SDS_4core7convert4FromNtNtB9_8comments6ThreadE4from0B9_
FNDA:0,_RNCNvXs_NtCsiFtzeUpmjej_13mdviewer_core15uniffi_bindingsNtB6_12RenderResultINtNtCsgEmfK2I1SDS_4core7convert4FromNtNtB8_8document12RenderResultE4from0B8_
FNDA:0,_RNCNvXs2_NtCsekErrGBc1MS_13mdviewer_core15uniffi_bindingsNtB7_6ThreadINtNtCsgEmfK2I1SDS_4core7convert4FromNtNtB9_8comments6ThreadE4from0B9_
FNDA:0,_RNCNvXs_NtCsekErrGBc1MS_13mdviewer_core15uniffi_bindingsNtB6_12RenderResultINtNtCsgEmfK2I1SDS_4core7convert4FromNtNtB8_8document12RenderResultE4from0B8_
FNDA:0,_RNvMs3_NtCsekErrGBc1MS_13mdviewer_core15uniffi_bindingsNtB5_19CommentsStoreHandle10from_store
FNDA:0,_RNvMs3_NtCsekErrGBc1MS_13mdviewer_core15uniffi_bindingsNtB5_19CommentsStoreHandle7threads
FNDA:0,_RNvNtCsekErrGBc1MS_13mdviewer_core15uniffi_bindings10u32_or_max
FNDA:0,_RNvNtCsekErrGBc1MS_13mdviewer_core15uniffi_bindings15render_markdown
FNDA:0,_RNvNtCsekErrGBc1MS_13mdviewer_core15uniffi_bindings16sidecar_filename
FNDA:0,_RNvNtCsekErrGBc1MS_13mdviewer_core15uniffi_bindings18load_sidecar_bytes
FNDA:0,_RNvNtCsekErrGBc1MS_13mdviewer_core15uniffi_bindings18save_sidecar_bytes
FNDA:0,_RNvXNtCsekErrGBc1MS_13mdviewer_core15uniffi_bindingsNtB2_9CoreErrorINtNtCsgEmfK2I1SDS_4core7convert4FromNtCsiqrUEAaTIn_6anyhow5ErrorE4from
FNDA:0,_RNvXs0_NtCsekErrGBc1MS_13mdviewer_core15uniffi_bindingsNtB5_6AnchorINtNtCsgEmfK2I1SDS_4core7convert4FromNtNtB7_6anchor6AnchorE4from
FNDA:0,_RNvXs1_NtCsekErrGBc1MS_13mdviewer_core15uniffi_bindingsNtB5_7CommentINtNtCsgEmfK2I1SDS_4core7convert4FromNtNtB7_8comments7CommentE4from
FNDA:0,_RNvXs2_NtCsekErrGBc1MS_13mdviewer_core15uniffi_bindingsNtB5_6ThreadINtNtCsgEmfK2I1SDS_4core7convert4FromNtNtB7_8comments6ThreadE4from
FNDA:0,_RNvXs_NtCsekErrGBc1MS_13mdviewer_core15uniffi_bindingsNtB4_12RenderResultINtNtCsgEmfK2I1SDS_4core7convert4FromNtNtB6_8document12RenderResultE4from
FNDA:1,_RNCNvXs2_NtCs3ikr03e7esg_13mdviewer_core15uniffi_bindingsNtB7_6ThreadINtNtCsgEmfK2I1SDS_4core7convert4FromNtNtB9_8comments6ThreadE4from0B9_
FNDA:4,_RNCNvXs_NtCs3ikr03e7esg_13mdviewer_core15uniffi_bindingsNtB6_12RenderResultINtNtCsgEmfK2I1SDS_4core7convert4FromNtNtB8_8document12RenderResultE4from0B8_
FNDA:1,_RNvNtNtCs3ikr03e7esg_13mdviewer_core15uniffi_bindings5testss_32u32_or_max_saturates_on_overflow
FNDA:1,_RNvNtNtCs3ikr03e7esg_13mdviewer_core15uniffi_bindings5testss_36anchor_into_wrapper_preserves_fields
FNDA:1,_RNvNtNtCs3ikr03e7esg_13mdviewer_core15uniffi_bindings5testss_40handle_round_trip_through_load_save_load
FNDA:1,_RNvNtNtCs3ikr03e7esg_13mdviewer_core15uniffi_bindings5testss_41render_markdown_wrapper_delegates_to_core
FNDA:1,_RNvNtNtCs3ikr03e7esg_13mdviewer_core15uniffi_bindings5testss_42anyhow_error_funnels_into_internal_variant
FNDA:1,_RNvNtNtCs3ikr03e7esg_13mdviewer_core15uniffi_bindings5testss_42render_result_projection_assigns_dom_index
FNDA:1,_RNvNtNtCs3ikr03e7esg_13mdviewer_core15uniffi_bindings5testss_42sidecar_filename_wrapper_substitutes_token
FNDA:1,_RNvNtNtCs3ikr03e7esg_13mdviewer_core15uniffi_bindings5testss_44thread_with_no_comments_has_empty_created_at
FNDA:1,_RNvNtNtCs3ikr03e7esg_13mdviewer_core15uniffi_bindings5testss_46thread_created_at_uses_first_comment_timestamp
FNDA:2,_RNvMs3_NtCs3ikr03e7esg_13mdviewer_core15uniffi_bindingsNtB5_19CommentsStoreHandle10from_store
FNDA:3,_RNvMs3_NtCs3ikr03e7esg_13mdviewer_core15uniffi_bindingsNtB5_19CommentsStoreHandle7threads
FNDA:22,_RNvNtCs3ikr03e7esg_13mdviewer_core15uniffi_bindings10u32_or_max
FNDA:1,_RNvNtCs3ikr03e7esg_13mdviewer_core15uniffi_bindings15render_markdown
FNDA:1,_RNvNtCs3ikr03e7esg_13mdviewer_core15uniffi_bindings16sidecar_filename
FNDA:2,_RNvNtCs3ikr03e7esg_13mdviewer_core15uniffi_bindings18load_sidecar_bytes
FNDA:1,_RNvNtCs3ikr03e7esg_13mdviewer_core15uniffi_bindings18save_sidecar_bytes
FNDA:1,_RNvXNtCs3ikr03e7esg_13mdviewer_core15uniffi_bindingsNtB2_9CoreErrorINtNtCsgEmfK2I1SDS_4core7convert4FromNtCsiqrUEAaTIn_6anyhow5ErrorE4from
FNDA:3,_RNvXs0_NtCs3ikr03e7esg_13mdviewer_core15uniffi_bindingsNtB5_6AnchorINtNtCsgEmfK2I1SDS_4core7convert4FromNtNtB7_6anchor6AnchorE4from
FNDA:2,_RNvXs1_NtCs3ikr03e7esg_13mdviewer_core15uniffi_bindingsNtB5_7CommentINtNtCsgEmfK2I1SDS_4core7convert4FromNtNtB7_8comments7CommentE4from
FNDA:2,_RNvXs2_NtCs3ikr03e7esg_13mdviewer_core15uniffi_bindingsNtB5_6ThreadINtNtCsgEmfK2I1SDS_4core7convert4FromNtNtB7_8comments6ThreadE4from
FNDA:3,_RNvXs_NtCs3ikr03e7esg_13mdviewer_core15uniffi_bindingsNtB4_12RenderResultINtNtCsgEmfK2I1SDS_4core7convert4FromNtNtB6_8document12RenderResultE4from
FNF:23
FNH:23
DA:65,1
DA:70,1
DA:71,1
DA:102,3
DA:103,3
DA:104,3
DA:105,3
DA:106,3
DA:107,3
DA:108,4
DA:109,4
DA:110,4
DA:111,4
DA:112,3
DA:113,3
DA:114,3
DA:115,3
DA:116,3
DA:117,3
DA:135,3
DA:136,3
DA:137,3
DA:138,3
DA:139,3
DA:140,3
DA:141,3
DA:142,3
DA:143,3
DA:162,2
DA:163,2
DA:164,2
DA:165,2
DA:166,2
DA:167,2
DA:168,2
DA:169,2
DA:170,2
DA:171,2
DA:172,2
DA:173,2
DA:174,2
DA:175,2
DA:176,2
DA:194,2
DA:195,2
DA:196,2
DA:197,2
DA:198,2
DA:199,2
DA:200,2
DA:201,2
DA:202,2
DA:203,2
DA:204,2
DA:205,2
DA:206,2
DA:207,2
DA:224,2
DA:225,2
DA:226,2
DA:227,2
DA:228,2
DA:235,3
DA:236,3
DA:237,3
DA:238,3
DA:239,3
DA:240,3
DA:241,3
DA:242,3
DA:243,3
DA:244,3
DA:252,1
DA:253,1
DA:254,1
DA:255,1
DA:256,1
DA:257,1
DA:258,1
DA:261,2
DA:262,2
DA:263,2
DA:264,2
DA:267,1
DA:268,1
DA:269,1
DA:270,1
DA:271,1
DA:272,1
DA:273,1
DA:274,1
DA:275,1
DA:281,1
DA:282,1
DA:283,1
DA:293,22
DA:294,22
DA:295,22
DA:306,1
DA:307,1
DA:308,1
DA:309,1
DA:310,1
DA:311,1
DA:312,1
DA:313,1
DA:314,1
DA:315,1
DA:316,1
DA:317,1
DA:318,1
DA:319,1
DA:320,1
DA:326,1
DA:327,1
DA:328,1
DA:329,1
DA:330,1
DA:331,1
DA:332,1
DA:333,1
DA:334,1
DA:335,1
DA:336,1
DA:337,1
DA:338,1
DA:339,1
DA:340,1
DA:341,1
DA:342,1
DA:343,1
DA:344,1
DA:350,1
DA:351,1
DA:352,1
DA:353,1
DA:354,1
DA:355,1
DA:356,1
DA:357,1
DA:358,1
DA:359,1
DA:360,1
DA:361,1
DA:362,1
DA:363,1
DA:364,1
DA:365,1
DA:366,1
DA:367,1
DA:368,1
DA:369,1
DA:370,1
DA:371,1
DA:372,1
DA:373,1
DA:374,1
DA:375,1
DA:376,1
DA:377,1
DA:378,1
DA:379,1
DA:380,1
DA:381,1
DA:382,1
DA:383,1
DA:384,1
DA:385,1
DA:386,1
DA:387,1
DA:388,1
DA:389,1
DA:396,1
DA:397,1
DA:398,1
DA:399,1
DA:402,1
DA:403,1
DA:404,0
DA:405,1
DA:411,1
DA:412,1
DA:413,1
DA:414,1
DA:415,0
DA:417,1
DA:422,1
DA:423,1
DA:424,1
DA:425,1
DA:426,1
DA:427,1
DA:428,1
DA:429,1
DA:430,3
DA:431,3
DA:433,1
DA:434,1
DA:436,1
DA:437,1
DA:438,1
DA:439,1
DA:440,1
DA:441,1
DA:442,1
DA:449,1
DA:450,1
DA:451,1
DA:452,1
DA:453,1
DA:454,1
DA:455,1
DA:462,1
DA:463,1
DA:464,1
DA:465,1
DA:466,1
DA:467,1
DA:468,1
DA:470,1
DA:471,1
DA:472,1
DA:478,1
DA:479,1
DA:480,1
DA:483,1
BRF:0
BRH:0
LF:227
LH:225
end_of_record
SF:/home/ggtest/Work/Claude/MDViewer/.claude/worktrees/mdviewer-android/src-tauri/src/bin/export_types.rs
FN:7,_RNvCsf1QCa2UPC84_12export_types10export_all
FN:138,_RNvCsf1QCa2UPC84_12export_types4main
FN:131,_RNvCsf1QCa2UPC84_12export_types8write_to
FN:163,_RNvNtCsgPpoSqQHSsC_12export_types5testss_30write_to_creates_expected_file
FN:148,_RNvNtCsgPpoSqQHSsC_12export_types5testss_37export_all_emits_header_and_buildinfo
FN:138,_RNvCsgPpoSqQHSsC_12export_types4main
FN:7,_RNvCsgPpoSqQHSsC_12export_types10export_all
FN:131,_RNvCsgPpoSqQHSsC_12export_types8write_to
FNDA:1,_RNvCsf1QCa2UPC84_12export_types10export_all
FNDA:1,_RNvCsf1QCa2UPC84_12export_types4main
FNDA:1,_RNvCsf1QCa2UPC84_12export_types8write_to
FNDA:1,_RNvNtCsgPpoSqQHSsC_12export_types5testss_30write_to_creates_expected_file
FNDA:1,_RNvNtCsgPpoSqQHSsC_12export_types5testss_37export_all_emits_header_and_buildinfo
FNDA:0,_RNvCsgPpoSqQHSsC_12export_types4main
FNDA:2,_RNvCsgPpoSqQHSsC_12export_types10export_all
FNDA:1,_RNvCsgPpoSqQHSsC_12export_types8write_to
FNF:5
FNH:5
DA:7,3
DA:8,3
DA:9,3
DA:10,3
DA:13,3
DA:14,3
DA:17,3
DA:18,3
DA:19,3
DA:20,3
DA:25,3
DA:26,3
DA:27,3
DA:28,3
DA:29,3
DA:30,3
DA:31,3
DA:32,3
DA:33,3
DA:34,3
DA:35,3
DA:36,3
DA:37,3
DA:38,3
DA:39,3
DA:40,3
DA:44,3
DA:45,3
DA:46,3
DA:47,3
DA:48,3
DA:49,3
DA:50,3
DA:51,3
DA:54,3
DA:55,3
DA:56,3
DA:57,3
DA:61,3
DA:62,3
DA:65,3
DA:66,3
DA:67,3
DA:68,3
DA:71,3
DA:72,3
DA:73,3
DA:74,3
DA:75,3
DA:76,3
DA:77,3
DA:78,3
DA:81,3
DA:82,3
DA:83,3
DA:84,3
DA:87,3
DA:88,3
DA:91,3
DA:92,3
DA:93,3
DA:94,3
DA:97,3
DA:98,3
DA:101,3
DA:102,3
DA:106,3
DA:107,3
DA:113,3
DA:114,3
DA:115,3
DA:116,3
DA:117,3
DA:118,3
DA:126,3
DA:127,3
DA:131,2
DA:132,2
DA:133,2
DA:134,2
DA:135,2
DA:136,2
DA:138,1
DA:139,1
DA:140,1
DA:141,1
DA:148,1
DA:149,1
DA:150,1
DA:151,1
DA:154,1
DA:155,1
DA:156,1
DA:157,1
DA:160,1
DA:163,1
DA:167,1
DA:168,1
DA:169,1
DA:170,1
DA:171,1
DA:172,1
DA:173,1
BRF:0
BRH:0
LF:103
LH:103
end_of_record
SF:/home/ggtest/Work/Claude/MDViewer/.claude/worktrees/mdviewer-android/src-tauri/src/cli.rs
FN:46,_RNCNvNtCskXOmkMderRI_12mdviewer_lib3cli13urls_to_paths0B5_
FN:47,_RNCNvNtCskXOmkMderRI_12mdviewer_lib3cli13urls_to_pathss_0B5_
FN:44,_RNvNtCskXOmkMderRI_12mdviewer_lib3cli13urls_to_paths
FN:54,_RNvNtCskXOmkMderRI_12mdviewer_lib3cli21parse_positional_args
FN:93,_RNvNtNtCs2DXdqaz45d1_12mdviewer_lib3cli5tests4argv
FN:124,_RNvNtNtCs2DXdqaz45d1_12mdviewer_lib3cli5testss_11skips_flags
FN:139,_RNvNtNtCs2DXdqaz45d1_12mdviewer_lib3cli5testss_16skips_empty_args
FN:98,_RNvNtNtCs2DXdqaz45d1_12mdviewer_lib3cli5testss_27empty_when_only_binary_name
FN:200,_RNvNtNtCs2DXdqaz45d1_12mdviewer_lib3cli5testss_28canonicalizes_existing_files
FN:103,_RNvNtNtCs2DXdqaz45d1_12mdviewer_lib3cli5testss_28returns_each_positional_path
FN:163,_RNvNtNtCs2DXdqaz45d1_12mdviewer_lib3cli5testss_38urls_to_paths_filters_non_file_schemes
FN:186,_RNvNtNtCs2DXdqaz45d1_12mdviewer_lib3cli5testss_44urls_to_paths_canonicalizes_existing_targets
FN:149,_RNvNtNtCs2DXdqaz45d1_12mdviewer_lib3cli5testss_47migrate_sidecars_subcommand_consumes_everything
FN:182,_RNCNCNvNtNtCs2DXdqaz45d1_12mdviewer_lib3cli5testss_38urls_to_paths_filters_non_file_schemes00B9_
FN:94,_RNCNvNtNtCs2DXdqaz45d1_12mdviewer_lib3cli5tests4argv0B7_
FN:145,_RNCNvNtNtCs2DXdqaz45d1_12mdviewer_lib3cli5testss_16skips_empty_args0B7_
FN:214,_RNCNvNtNtCs2DXdqaz45d1_12mdviewer_lib3cli5testss_28canonicalizes_existing_files0B7_
FN:114,_RNCNvNtNtCs2DXdqaz45d1_12mdviewer_lib3cli5testss_28returns_each_positional_path0B7_
FN:118,_RNCNvNtNtCs2DXdqaz45d1_12mdviewer_lib3cli5testss_28returns_each_positional_paths_0B7_
FN:182,_RNCNvNtNtCs2DXdqaz45d1_12mdviewer_lib3cli5testss_38urls_to_paths_filters_non_file_schemes0B7_
FN:194,_RNCNvNtNtCs2DXdqaz45d1_12mdviewer_lib3cli5testss_44urls_to_paths_canonicalizes_existing_targets0B7_
FN:44,_RNvNtCs2DXdqaz45d1_12mdviewer_lib3cli13urls_to_paths
FN:54,_RNvNtCs2DXdqaz45d1_12mdviewer_lib3cli21parse_positional_args
FN:46,_RNCNvNtCs2DXdqaz45d1_12mdviewer_lib3cli13urls_to_paths0B5_
FN:47,_RNCNvNtCs2DXdqaz45d1_12mdviewer_lib3cli13urls_to_pathss_0B5_
FNDA:0,_RNCNvNtCskXOmkMderRI_12mdviewer_lib3cli13urls_to_paths0B5_
FNDA:0,_RNCNvNtCskXOmkMderRI_12mdviewer_lib3cli13urls_to_pathss_0B5_
FNDA:0,_RNvNtCskXOmkMderRI_12mdviewer_lib3cli13urls_to_paths
FNDA:0,_RNvNtCskXOmkMderRI_12mdviewer_lib3cli21parse_positional_args
FNDA:6,_RNvNtNtCs2DXdqaz45d1_12mdviewer_lib3cli5tests4argv
FNDA:1,_RNvNtNtCs2DXdqaz45d1_12mdviewer_lib3cli5testss_11skips_flags
FNDA:1,_RNvNtNtCs2DXdqaz45d1_12mdviewer_lib3cli5testss_16skips_empty_args
FNDA:1,_RNvNtNtCs2DXdqaz45d1_12mdviewer_lib3cli5testss_27empty_when_only_binary_name
FNDA:1,_RNvNtNtCs2DXdqaz45d1_12mdviewer_lib3cli5testss_28canonicalizes_existing_files
FNDA:1,_RNvNtNtCs2DXdqaz45d1_12mdviewer_lib3cli5testss_28returns_each_positional_path
FNDA:1,_RNvNtNtCs2DXdqaz45d1_12mdviewer_lib3cli5testss_38urls_to_paths_filters_non_file_schemes
FNDA:1,_RNvNtNtCs2DXdqaz45d1_12mdviewer_lib3cli5testss_44urls_to_paths_canonicalizes_existing_targets
FNDA:1,_RNvNtNtCs2DXdqaz45d1_12mdviewer_lib3cli5testss_47migrate_sidecars_subcommand_consumes_everything
FNDA:2,_RNCNCNvNtNtCs2DXdqaz45d1_12mdviewer_lib3cli5testss_38urls_to_paths_filters_non_file_schemes00B9_
FNDA:19,_RNCNvNtNtCs2DXdqaz45d1_12mdviewer_lib3cli5tests4argv0B7_
FNDA:1,_RNCNvNtNtCs2DXdqaz45d1_12mdviewer_lib3cli5testss_16skips_empty_args0B7_
FNDA:1,_RNCNvNtNtCs2DXdqaz45d1_12mdviewer_lib3cli5testss_28canonicalizes_existing_files0B7_
FNDA:1,_RNCNvNtNtCs2DXdqaz45d1_12mdviewer_lib3cli5testss_28returns_each_positional_path0B7_
FNDA:1,_RNCNvNtNtCs2DXdqaz45d1_12mdviewer_lib3cli5testss_28returns_each_positional_paths_0B7_
FNDA:2,_RNCNvNtNtCs2DXdqaz45d1_12mdviewer_lib3cli5testss_38urls_to_paths_filters_non_file_schemes0B7_
FNDA:1,_RNCNvNtNtCs2DXdqaz45d1_12mdviewer_lib3cli5testss_44urls_to_paths_canonicalizes_existing_targets0B7_
FNDA:2,_RNvNtCs2DXdqaz45d1_12mdviewer_lib3cli13urls_to_paths
FNDA:6,_RNvNtCs2DXdqaz45d1_12mdviewer_lib3cli21parse_positional_args
FNDA:4,_RNCNvNtCs2DXdqaz45d1_12mdviewer_lib3cli13urls_to_paths0B5_
FNDA:3,_RNCNvNtCs2DXdqaz45d1_12mdviewer_lib3cli13urls_to_pathss_0B5_
FNF:21
FNH:21
DA:44,2
DA:45,2
DA:46,4
DA:47,3
DA:48,2
DA:49,2
DA:54,6
DA:55,6
DA:58,6
DA:64,6
DA:65,6
DA:66,5
DA:69,1
DA:70,4
DA:71,1
DA:73,5
DA:74,15
DA:75,10
DA:76,6
DA:77,6
DA:78,6
DA:79,6
DA:80,6
DA:81,6
DA:82,6
DA:83,6
DA:84,10
DA:86,5
DA:87,6
DA:93,6
DA:94,19
DA:95,6
DA:98,1
DA:99,1
DA:100,1
DA:103,1
DA:107,1
DA:108,1
DA:109,1
DA:110,1
DA:111,1
DA:112,1
DA:113,1
DA:114,1
DA:117,1
DA:118,1
DA:121,1
DA:124,1
DA:128,1
DA:129,1
DA:130,1
DA:131,1
DA:132,1
DA:133,1
DA:134,1
DA:135,1
DA:136,1
DA:139,1
DA:143,1
DA:144,1
DA:145,1
DA:146,1
DA:149,1
DA:153,1
DA:154,1
DA:155,1
DA:156,1
DA:157,1
DA:158,1
DA:159,1
DA:160,1
DA:163,1
DA:170,1
DA:171,1
DA:172,1
DA:173,1
DA:174,1
DA:175,1
DA:176,1
DA:177,1
DA:178,1
DA:180,1
DA:181,1
DA:182,2
DA:183,1
DA:186,1
DA:187,1
DA:188,1
DA:189,1
DA:190,1
DA:191,1
DA:192,1
DA:193,1
DA:194,1
DA:197,1
DA:200,1
DA:203,1
DA:204,1
DA:205,1
DA:206,1
DA:207,1
DA:208,1
DA:209,1
DA:210,1
DA:213,1
DA:214,1
DA:217,1
BRF:0
BRH:0
LF:117
LH:117
end_of_record
SF:/home/ggtest/Work/Claude/MDViewer/.claude/worktrees/mdviewer-android/src-tauri/src/conflict.rs
FN:65,_RNCNvNtCskXOmkMderRI_12mdviewer_lib8conflict7diff_md0B5_
FN:80,_RNCNvNtCskXOmkMderRI_12mdviewer_lib8conflict7diff_mds_0B5_
FN:47,_RNvNtCskXOmkMderRI_12mdviewer_lib8conflict7diff_md
FN:65,_RNCNvNtCs2DXdqaz45d1_12mdviewer_lib8conflict7diff_md0B5_
FN:80,_RNCNvNtCs2DXdqaz45d1_12mdviewer_lib8conflict7diff_mds_0B5_
FN:47,_RNvNtCs2DXdqaz45d1_12mdviewer_lib8conflict7diff_md
FNDA:5,_RNCNvNtCskXOmkMderRI_12mdviewer_lib8conflict7diff_md0B5_
FNDA:2,_RNCNvNtCskXOmkMderRI_12mdviewer_lib8conflict7diff_mds_0B5_
FNDA:7,_RNvNtCskXOmkMderRI_12mdviewer_lib8conflict7diff_md
FNDA:0,_RNCNvNtCs2DXdqaz45d1_12mdviewer_lib8conflict7diff_md0B5_
FNDA:0,_RNCNvNtCs2DXdqaz45d1_12mdviewer_lib8conflict7diff_mds_0B5_
FNDA:0,_RNvNtCs2DXdqaz45d1_12mdviewer_lib8conflict7diff_md
FNF:3
FNH:3
DA:47,7
DA:48,7
DA:49,7
DA:50,7
DA:51,7
DA:52,7
DA:54,22
DA:55,22
DA:57,10
DA:58,3
DA:59,7
DA:60,10
DA:61,10
DA:64,6
DA:65,5
DA:66,5
DA:67,5
DA:68,5
DA:69,5
DA:70,5
DA:71,6
DA:72,6
DA:73,6
DA:74,6
DA:75,0
DA:76,6
DA:79,6
DA:80,2
DA:81,2
DA:82,2
DA:83,2
DA:84,2
DA:85,2
DA:86,6
DA:87,6
DA:88,6
DA:89,6
DA:90,3
DA:91,3
DA:95,7
DA:96,4
DA:97,4
DA:98,7
DA:99,7
BRF:0
BRH:0
LF:44
LH:43
end_of_record
SF:/home/ggtest/Work/Claude/MDViewer/.claude/worktrees/mdviewer-android/src-tauri/src/doc_prefs.rs
FN:107,_RNvMNtCskXOmkMderRI_12mdviewer_lib9doc_prefsNtB2_13DocPrefsStore4load
FN:66,_RNvMNtCskXOmkMderRI_12mdviewer_lib9doc_prefsNtB2_13DocPrefsStore4open
FN:119,_RNvMNtCskXOmkMderRI_12mdviewer_lib9doc_prefsNtB2_13DocPrefsStore4save
FN:129,_RNvMNtCskXOmkMderRI_12mdviewer_lib9doc_prefsNtB2_13DocPrefsStore6delete
FN:135,_RNvMNtCskXOmkMderRI_12mdviewer_lib9doc_prefsNtB2_13DocPrefsStore7persist
FN:142,_RNvNtCskXOmkMderRI_12mdviewer_lib9doc_prefs7key_for
FN:109,_RNCNvMNtCskXOmkMderRI_12mdviewer_lib9doc_prefsNtB4_13DocPrefsStore4load0B6_
FN:107,_RNvMNtCs2DXdqaz45d1_12mdviewer_lib9doc_prefsNtB2_13DocPrefsStore4load
FN:66,_RNvMNtCs2DXdqaz45d1_12mdviewer_lib9doc_prefsNtB2_13DocPrefsStore4open
FN:119,_RNvMNtCs2DXdqaz45d1_12mdviewer_lib9doc_prefsNtB2_13DocPrefsStore4save
FN:129,_RNvMNtCs2DXdqaz45d1_12mdviewer_lib9doc_prefsNtB2_13DocPrefsStore6delete
FN:135,_RNvMNtCs2DXdqaz45d1_12mdviewer_lib9doc_prefsNtB2_13DocPrefsStore7persist
FN:142,_RNvNtCs2DXdqaz45d1_12mdviewer_lib9doc_prefs7key_for
FN:109,_RNCNvMNtCs2DXdqaz45d1_12mdviewer_lib9doc_prefsNtB4_13DocPrefsStore4load0B6_
FN:151,_RNvNtNtCs2DXdqaz45d1_12mdviewer_lib9doc_prefs5tests8data_dir
FN:232,_RNvNtNtCs2DXdqaz45d1_12mdviewer_lib9doc_prefs5testss_21save_clamps_above_max
FN:249,_RNvNtNtCs2DXdqaz45d1_12mdviewer_lib9doc_prefs5testss_21save_clamps_below_min
FN:156,_RNvNtNtCs2DXdqaz45d1_12mdviewer_lib9doc_prefs5testss_27round_trip_load_save_delete
FN:310,_RNvNtNtCs2DXdqaz45d1_12mdviewer_lib9doc_prefs5testss_28delete_missing_entry_is_noop
FN:220,_RNvNtNtCs2DXdqaz45d1_12mdviewer_lib9doc_prefs5testss_30corrupt_file_returns_empty_map
FN:209,_RNvNtNtCs2DXdqaz45d1_12mdviewer_lib9doc_prefs5testss_30missing_file_returns_empty_map
FN:288,_RNvNtNtCs2DXdqaz45d1_12mdviewer_lib9doc_prefs5testss_34load_clamps_above_range_disk_value
FN:264,_RNvNtNtCs2DXdqaz45d1_12mdviewer_lib9doc_prefs5testss_35load_clamps_out_of_range_disk_value
FN:322,_RNvNtNtCs2DXdqaz45d1_12mdviewer_lib9doc_prefs5testss_35save_persists_canonical_key_to_disk
FN:182,_RNvNtNtCs2DXdqaz45d1_12mdviewer_lib9doc_prefs5testss_42canonical_keying_relative_matches_absolute
FNDA:24,_RNvMNtCskXOmkMderRI_12mdviewer_lib9doc_prefsNtB2_13DocPrefsStore4load
FNDA:53,_RNvMNtCskXOmkMderRI_12mdviewer_lib9doc_prefsNtB2_13DocPrefsStore4open
FNDA:10,_RNvMNtCskXOmkMderRI_12mdviewer_lib9doc_prefsNtB2_13DocPrefsStore4save
FNDA:3,_RNvMNtCskXOmkMderRI_12mdviewer_lib9doc_prefsNtB2_13DocPrefsStore6delete
FNDA:13,_RNvMNtCskXOmkMderRI_12mdviewer_lib9doc_prefsNtB2_13DocPrefsStore7persist
FNDA:37,_RNvNtCskXOmkMderRI_12mdviewer_lib9doc_prefs7key_for
FNDA:12,_RNCNvMNtCskXOmkMderRI_12mdviewer_lib9doc_prefsNtB4_13DocPrefsStore4load0B6_
FNDA:13,_RNvMNtCs2DXdqaz45d1_12mdviewer_lib9doc_prefsNtB2_13DocPrefsStore4load
FNDA:13,_RNvMNtCs2DXdqaz45d1_12mdviewer_lib9doc_prefsNtB2_13DocPrefsStore4open
FNDA:5,_RNvMNtCs2DXdqaz45d1_12mdviewer_lib9doc_prefsNtB2_13DocPrefsStore4save
FNDA:2,_RNvMNtCs2DXdqaz45d1_12mdviewer_lib9doc_prefsNtB2_13DocPrefsStore6delete
FNDA:7,_RNvMNtCs2DXdqaz45d1_12mdviewer_lib9doc_prefsNtB2_13DocPrefsStore7persist
FNDA:20,_RNvNtCs2DXdqaz45d1_12mdviewer_lib9doc_prefs7key_for
FNDA:7,_RNCNvMNtCs2DXdqaz45d1_12mdviewer_lib9doc_prefsNtB4_13DocPrefsStore4load0B6_
FNDA:10,_RNvNtNtCs2DXdqaz45d1_12mdviewer_lib9doc_prefs5tests8data_dir
FNDA:1,_RNvNtNtCs2DXdqaz45d1_12mdviewer_lib9doc_prefs5testss_21save_clamps_above_max
FNDA:1,_RNvNtNtCs2DXdqaz45d1_12mdviewer_lib9doc_prefs5testss_21save_clamps_below_min
FNDA:1,_RNvNtNtCs2DXdqaz45d1_12mdviewer_lib9doc_prefs5testss_27round_trip_load_save_delete
FNDA:1,_RNvNtNtCs2DXdqaz45d1_12mdviewer_lib9doc_prefs5testss_28delete_missing_entry_is_noop
FNDA:1,_RNvNtNtCs2DXdqaz45d1_12mdviewer_lib9doc_prefs5testss_30corrupt_file_returns_empty_map
FNDA:1,_RNvNtNtCs2DXdqaz45d1_12mdviewer_lib9doc_prefs5testss_30missing_file_returns_empty_map
FNDA:1,_RNvNtNtCs2DXdqaz45d1_12mdviewer_lib9doc_prefs5testss_34load_clamps_above_range_disk_value
FNDA:1,_RNvNtNtCs2DXdqaz45d1_12mdviewer_lib9doc_prefs5testss_35load_clamps_out_of_range_disk_value
FNDA:1,_RNvNtNtCs2DXdqaz45d1_12mdviewer_lib9doc_prefs5testss_35save_persists_canonical_key_to_disk
FNDA:1,_RNvNtNtCs2DXdqaz45d1_12mdviewer_lib9doc_prefs5testss_42canonical_keying_relative_matches_absolute
FNF:18
FNH:18
DA:66,66
DA:67,66
DA:68,66
DA:69,66
DA:70,13
DA:71,13
DA:72,11
DA:75,11
DA:76,9
DA:77,9
DA:78,11
DA:80,2
DA:81,2
DA:86,2
DA:89,0
DA:90,0
DA:95,0
DA:99,53
DA:101,66
DA:102,66
DA:107,37
DA:108,37
DA:109,37
DA:110,19
DA:111,19
DA:112,19
DA:113,37
DA:119,15
DA:120,15
DA:121,15
DA:122,15
DA:123,15
DA:124,15
DA:129,5
DA:130,5
DA:131,5
DA:132,5
DA:133,5
DA:135,20
DA:136,20
DA:137,20
DA:138,20
DA:139,20
DA:142,57
DA:143,57
DA:144,57
DA:151,10
DA:152,10
DA:153,10
DA:156,1
DA:157,1
DA:158,1
DA:159,1
DA:161,1
DA:162,1
DA:164,1
DA:165,1
DA:166,1
DA:167,1
DA:170,1
DA:171,1
DA:174,1
DA:175,1
DA:176,1
DA:177,1
DA:178,1
DA:179,1
DA:182,1
DA:187,1
DA:188,1
DA:189,1
DA:194,1
DA:196,1
DA:197,1
DA:198,1
DA:199,1
DA:202,1
DA:203,1
DA:204,1
DA:206,1
DA:209,1
DA:210,1
DA:212,1
DA:214,1
DA:215,1
DA:216,1
DA:217,1
DA:220,1
DA:223,1
DA:224,1
DA:226,1
DA:227,1
DA:228,1
DA:229,1
DA:232,1
DA:233,1
DA:234,1
DA:235,1
DA:237,1
DA:238,1
DA:239,1
DA:240,1
DA:241,1
DA:242,1
DA:243,1
DA:246,1
DA:249,1
DA:250,1
DA:251,1
DA:252,1
DA:254,1
DA:255,1
DA:256,1
DA:257,1
DA:258,1
DA:261,1
DA:264,1
DA:267,1
DA:268,1
DA:269,1
DA:270,1
DA:272,1
DA:273,1
DA:274,1
DA:275,1
DA:277,1
DA:279,1
DA:280,1
DA:281,1
DA:282,1
DA:285,1
DA:288,1
DA:289,1
DA:290,1
DA:291,1
DA:292,1
DA:294,1
DA:295,1
DA:296,1
DA:297,1
DA:299,1
DA:301,1
DA:302,1
DA:303,1
DA:304,1
DA:307,1
DA:310,1
DA:311,1
DA:312,1
DA:313,1
DA:315,1
DA:317,1
DA:318,1
DA:319,1
DA:322,1
DA:325,1
DA:326,1
DA:327,1
DA:328,1
DA:330,1
DA:331,1
DA:332,1
DA:333,1
DA:335,1
DA:336,1
DA:337,1
DA:338,1
BRF:0
BRH:0
LF:168
LH:165
end_of_record
SF:/home/ggtest/Work/Claude/MDViewer/.claude/worktrees/mdviewer-android/src-tauri/src/document.rs
FN:73,_RINvNtCskXOmkMderRI_12mdviewer_lib8document13save_documentpEB4_
FN:88,_RNCINvNtCskXOmkMderRI_12mdviewer_lib8document13save_documentpE0B6_
FN:90,_RNCINvNtCskXOmkMderRI_12mdviewer_lib8document13save_documentpEs0_0B6_
FN:89,_RNCINvNtCskXOmkMderRI_12mdviewer_lib8document13save_documentpEs_0B6_
FN:73,_RINvNtCskXOmkMderRI_12mdviewer_lib8document13save_documentNCNvCsfXuJyqQ3OBA_8documents_38save_document_overwrites_existing_file0EBY_
FN:73,_RINvNtCskXOmkMderRI_12mdviewer_lib8document13save_documentNCNvCsfXuJyqQ3OBA_8documents_38save_document_overwrites_existing_files_0EBY_
FN:73,_RINvNtCskXOmkMderRI_12mdviewer_lib8document13save_documentNCNvCsfXuJyqQ3OBA_8documents_48save_document_extensionless_path_uses_tmp_suffix0EBY_
FN:73,_RINvNtCskXOmkMderRI_12mdviewer_lib8document13save_documentNCNvCsfXuJyqQ3OBA_8documents_48save_document_writes_atomically_and_returns_hash0EBY_
FN:88,_RNCINvNtCskXOmkMderRI_12mdviewer_lib8document13save_documentNCNvCsfXuJyqQ3OBA_8documents_38save_document_overwrites_existing_file0E0B10_
FN:90,_RNCINvNtCskXOmkMderRI_12mdviewer_lib8document13save_documentNCNvCsfXuJyqQ3OBA_8documents_38save_document_overwrites_existing_file0Es0_0B10_
FN:89,_RNCINvNtCskXOmkMderRI_12mdviewer_lib8document13save_documentNCNvCsfXuJyqQ3OBA_8documents_38save_document_overwrites_existing_file0Es_0B10_
FN:88,_RNCINvNtCskXOmkMderRI_12mdviewer_lib8document13save_documentNCNvCsfXuJyqQ3OBA_8documents_38save_document_overwrites_existing_files_0E0B10_
FN:90,_RNCINvNtCskXOmkMderRI_12mdviewer_lib8document13save_documentNCNvCsfXuJyqQ3OBA_8documents_38save_document_overwrites_existing_files_0Es0_0B10_
FN:89,_RNCINvNtCskXOmkMderRI_12mdviewer_lib8document13save_documentNCNvCsfXuJyqQ3OBA_8documents_38save_document_overwrites_existing_files_0Es_0B10_
FN:88,_RNCINvNtCskXOmkMderRI_12mdviewer_lib8document13save_documentNCNvCsfXuJyqQ3OBA_8documents_48save_document_extensionless_path_uses_tmp_suffix0E0B10_
FN:90,_RNCINvNtCskXOmkMderRI_12mdviewer_lib8document13save_documentNCNvCsfXuJyqQ3OBA_8documents_48save_document_extensionless_path_uses_tmp_suffix0Es0_0B10_
FN:89,_RNCINvNtCskXOmkMderRI_12mdviewer_lib8document13save_documentNCNvCsfXuJyqQ3OBA_8documents_48save_document_extensionless_path_uses_tmp_suffix0Es_0B10_
FN:88,_RNCINvNtCskXOmkMderRI_12mdviewer_lib8document13save_documentNCNvCsfXuJyqQ3OBA_8documents_48save_document_writes_atomically_and_returns_hash0E0B10_
FN:90,_RNCINvNtCskXOmkMderRI_12mdviewer_lib8document13save_documentNCNvCsfXuJyqQ3OBA_8documents_48save_document_writes_atomically_and_returns_hash0Es0_0B10_
FN:89,_RNCINvNtCskXOmkMderRI_12mdviewer_lib8document13save_documentNCNvCsfXuJyqQ3OBA_8documents_48save_document_writes_atomically_and_returns_hash0Es_0B10_
FN:73,_RINvNtCskXOmkMderRI_12mdviewer_lib8document13save_documentNCNvCs6LdYeyK8eOD_8mdviewer13save_documents1_0EBY_
FN:88,_RNCINvNtCskXOmkMderRI_12mdviewer_lib8document13save_documentNCNvCs6LdYeyK8eOD_8mdviewer13save_documents1_0E0B10_
FN:90,_RNCINvNtCskXOmkMderRI_12mdviewer_lib8document13save_documentNCNvCs6LdYeyK8eOD_8mdviewer13save_documents1_0Es0_0B10_
FN:89,_RNCINvNtCskXOmkMderRI_12mdviewer_lib8document13save_documentNCNvCs6LdYeyK8eOD_8mdviewer13save_documents1_0Es_0B10_
FN:73,_RINvNtCs2DXdqaz45d1_12mdviewer_lib8document13save_documentpEB4_
FN:88,_RNCINvNtCs2DXdqaz45d1_12mdviewer_lib8document13save_documentpE0B6_
FN:90,_RNCINvNtCs2DXdqaz45d1_12mdviewer_lib8document13save_documentpEs0_0B6_
FN:89,_RNCINvNtCs2DXdqaz45d1_12mdviewer_lib8document13save_documentpEs_0B6_
FN:73,_RINvNtCskXOmkMderRI_12mdviewer_lib8document13save_documentNCNvCsjqwjVpUdcgS_7watchers_37save_document_does_not_trigger_reload0EBY_
FN:73,_RINvNtCskXOmkMderRI_12mdviewer_lib8document13save_documentNCNvCsjqwjVpUdcgS_7watchers_40external_write_after_save_still_triggers0EBY_
FN:88,_RNCINvNtCskXOmkMderRI_12mdviewer_lib8document13save_documentNCNvCsjqwjVpUdcgS_7watchers_37save_document_does_not_trigger_reload0E0B10_
FN:90,_RNCINvNtCskXOmkMderRI_12mdviewer_lib8document13save_documentNCNvCsjqwjVpUdcgS_7watchers_37save_document_does_not_trigger_reload0Es0_0B10_
FN:89,_RNCINvNtCskXOmkMderRI_12mdviewer_lib8document13save_documentNCNvCsjqwjVpUdcgS_7watchers_37save_document_does_not_trigger_reload0Es_0B10_
FN:88,_RNCINvNtCskXOmkMderRI_12mdviewer_lib8document13save_documentNCNvCsjqwjVpUdcgS_7watchers_40external_write_after_save_still_triggers0E0B10_
FN:90,_RNCINvNtCskXOmkMderRI_12mdviewer_lib8document13save_documentNCNvCsjqwjVpUdcgS_7watchers_40external_write_after_save_still_triggers0Es0_0B10_
FN:89,_RNCINvNtCskXOmkMderRI_12mdviewer_lib8document13save_documentNCNvCsjqwjVpUdcgS_7watchers_40external_write_after_save_still_triggers0Es_0B10_
FN:73,_RINvNtCskXOmkMderRI_12mdviewer_lib8document13save_documentNCNvCshY2eqBAGZPN_9workspaces_57refresh_tab_reloads_source_render_and_snapshot_after_save0EBY_
FN:88,_RNCINvNtCskXOmkMderRI_12mdviewer_lib8document13save_documentNCNvCshY2eqBAGZPN_9workspaces_57refresh_tab_reloads_source_render_and_snapshot_after_save0E0B10_
FN:90,_RNCINvNtCskXOmkMderRI_12mdviewer_lib8document13save_documentNCNvCshY2eqBAGZPN_9workspaces_57refresh_tab_reloads_source_render_and_snapshot_after_save0Es0_0B10_
FN:89,_RNCINvNtCskXOmkMderRI_12mdviewer_lib8document13save_documentNCNvCshY2eqBAGZPN_9workspaces_57refresh_tab_reloads_source_render_and_snapshot_after_save0Es_0B10_
FNDA:0,_RINvNtCskXOmkMderRI_12mdviewer_lib8document13save_documentpEB4_
FNDA:0,_RNCINvNtCskXOmkMderRI_12mdviewer_lib8document13save_documentpE0B6_
FNDA:0,_RNCINvNtCskXOmkMderRI_12mdviewer_lib8document13save_documentpEs0_0B6_
FNDA:0,_RNCINvNtCskXOmkMderRI_12mdviewer_lib8document13save_documentpEs_0B6_
FNDA:1,_RINvNtCskXOmkMderRI_12mdviewer_lib8document13save_documentNCNvCsfXuJyqQ3OBA_8documents_38save_document_overwrites_existing_file0EBY_
FNDA:1,_RINvNtCskXOmkMderRI_12mdviewer_lib8document13save_documentNCNvCsfXuJyqQ3OBA_8documents_38save_document_overwrites_existing_files_0EBY_
FNDA:1,_RINvNtCskXOmkMderRI_12mdviewer_lib8document13save_documentNCNvCsfXuJyqQ3OBA_8documents_48save_document_extensionless_path_uses_tmp_suffix0EBY_
FNDA:1,_RINvNtCskXOmkMderRI_12mdviewer_lib8document13save_documentNCNvCsfXuJyqQ3OBA_8documents_48save_document_writes_atomically_and_returns_hash0EBY_
FNDA:1,_RNCINvNtCskXOmkMderRI_12mdviewer_lib8document13save_documentNCNvCsfXuJyqQ3OBA_8documents_38save_document_overwrites_existing_file0E0B10_
FNDA:0,_RNCINvNtCskXOmkMderRI_12mdviewer_lib8document13save_documentNCNvCsfXuJyqQ3OBA_8documents_38save_document_overwrites_existing_file0Es0_0B10_
FNDA:1,_RNCINvNtCskXOmkMderRI_12mdviewer_lib8document13save_documentNCNvCsfXuJyqQ3OBA_8documents_38save_document_overwrites_existing_file0Es_0B10_
FNDA:1,_RNCINvNtCskXOmkMderRI_12mdviewer_lib8document13save_documentNCNvCsfXuJyqQ3OBA_8documents_38save_document_overwrites_existing_files_0E0B10_
FNDA:0,_RNCINvNtCskXOmkMderRI_12mdviewer_lib8document13save_documentNCNvCsfXuJyqQ3OBA_8documents_38save_document_overwrites_existing_files_0Es0_0B10_
FNDA:1,_RNCINvNtCskXOmkMderRI_12mdviewer_lib8document13save_documentNCNvCsfXuJyqQ3OBA_8documents_38save_document_overwrites_existing_files_0Es_0B10_
FNDA:0,_RNCINvNtCskXOmkMderRI_12mdviewer_lib8document13save_documentNCNvCsfXuJyqQ3OBA_8documents_48save_document_extensionless_path_uses_tmp_suffix0E0B10_
FNDA:1,_RNCINvNtCskXOmkMderRI_12mdviewer_lib8document13save_documentNCNvCsfXuJyqQ3OBA_8documents_48save_document_extensionless_path_uses_tmp_suffix0Es0_0B10_
FNDA:0,_RNCINvNtCskXOmkMderRI_12mdviewer_lib8document13save_documentNCNvCsfXuJyqQ3OBA_8documents_48save_document_extensionless_path_uses_tmp_suffix0Es_0B10_
FNDA:1,_RNCINvNtCskXOmkMderRI_12mdviewer_lib8document13save_documentNCNvCsfXuJyqQ3OBA_8documents_48save_document_writes_atomically_and_returns_hash0E0B10_
FNDA:0,_RNCINvNtCskXOmkMderRI_12mdviewer_lib8document13save_documentNCNvCsfXuJyqQ3OBA_8documents_48save_document_writes_atomically_and_returns_hash0Es0_0B10_
FNDA:1,_RNCINvNtCskXOmkMderRI_12mdviewer_lib8document13save_documentNCNvCsfXuJyqQ3OBA_8documents_48save_document_writes_atomically_and_returns_hash0Es_0B10_
FNDA:0,_RINvNtCskXOmkMderRI_12mdviewer_lib8document13save_documentNCNvCs6LdYeyK8eOD_8mdviewer13save_documents1_0EBY_
FNDA:0,_RNCINvNtCskXOmkMderRI_12mdviewer_lib8document13save_documentNCNvCs6LdYeyK8eOD_8mdviewer13save_documents1_0E0B10_
FNDA:0,_RNCINvNtCskXOmkMderRI_12mdviewer_lib8document13save_documentNCNvCs6LdYeyK8eOD_8mdviewer13save_documents1_0Es0_0B10_
FNDA:0,_RNCINvNtCskXOmkMderRI_12mdviewer_lib8document13save_documentNCNvCs6LdYeyK8eOD_8mdviewer13save_documents1_0Es_0B10_
FNDA:0,_RINvNtCs2DXdqaz45d1_12mdviewer_lib8document13save_documentpEB4_
FNDA:0,_RNCINvNtCs2DXdqaz45d1_12mdviewer_lib8document13save_documentpE0B6_
FNDA:0,_RNCINvNtCs2DXdqaz45d1_12mdviewer_lib8document13save_documentpEs0_0B6_
FNDA:0,_RNCINvNtCs2DXdqaz45d1_12mdviewer_lib8document13save_documentpEs_0B6_
FNDA:0,_RINvNtCskXOmkMderRI_12mdviewer_lib8document13save_documentNCNvCsjqwjVpUdcgS_7watchers_37save_document_does_not_trigger_reload0EBY_
FNDA:0,_RINvNtCskXOmkMderRI_12mdviewer_lib8document13save_documentNCNvCsjqwjVpUdcgS_7watchers_40external_write_after_save_still_triggers0EBY_
FNDA:0,_RNCINvNtCskXOmkMderRI_12mdviewer_lib8document13save_documentNCNvCsjqwjVpUdcgS_7watchers_37save_document_does_not_trigger_reload0E0B10_
FNDA:0,_RNCINvNtCskXOmkMderRI_12mdviewer_lib8document13save_documentNCNvCsjqwjVpUdcgS_7watchers_37save_document_does_not_trigger_reload0Es0_0B10_
FNDA:0,_RNCINvNtCskXOmkMderRI_12mdviewer_lib8document13save_documentNCNvCsjqwjVpUdcgS_7watchers_37save_document_does_not_trigger_reload0Es_0B10_
FNDA:0,_RNCINvNtCskXOmkMderRI_12mdviewer_lib8document13save_documentNCNvCsjqwjVpUdcgS_7watchers_40external_write_after_save_still_triggers0E0B10_
FNDA:0,_RNCINvNtCskXOmkMderRI_12mdviewer_lib8document13save_documentNCNvCsjqwjVpUdcgS_7watchers_40external_write_after_save_still_triggers0Es0_0B10_
FNDA:0,_RNCINvNtCskXOmkMderRI_12mdviewer_lib8document13save_documentNCNvCsjqwjVpUdcgS_7watchers_40external_write_after_save_still_triggers0Es_0B10_
FNDA:1,_RINvNtCskXOmkMderRI_12mdviewer_lib8document13save_documentNCNvCshY2eqBAGZPN_9workspaces_57refresh_tab_reloads_source_render_and_snapshot_after_save0EBY_
FNDA:1,_RNCINvNtCskXOmkMderRI_12mdviewer_lib8document13save_documentNCNvCshY2eqBAGZPN_9workspaces_57refresh_tab_reloads_source_render_and_snapshot_after_save0E0B10_
FNDA:0,_RNCINvNtCskXOmkMderRI_12mdviewer_lib8document13save_documentNCNvCshY2eqBAGZPN_9workspaces_57refresh_tab_reloads_source_render_and_snapshot_after_save0Es0_0B10_
FNDA:1,_RNCINvNtCskXOmkMderRI_12mdviewer_lib8document13save_documentNCNvCshY2eqBAGZPN_9workspaces_57refresh_tab_reloads_source_render_and_snapshot_after_save0Es_0B10_
FNF:4
FNH:4
DA:73,5
DA:74,5
DA:75,5
DA:76,5
DA:77,5
DA:78,5
DA:79,5
DA:86,5
DA:87,5
DA:88,5
DA:89,5
DA:90,5
DA:93,5
DA:94,5
DA:95,5
DA:99,5
DA:100,5
DA:102,5
DA:108,5
DA:109,5
DA:110,5
DA:111,5
DA:112,5
DA:113,5
DA:114,5
DA:115,0
DA:117,5
DA:118,5
DA:119,5
DA:120,5
DA:121,5
BRF:0
BRH:0
LF:34
LH:33
end_of_record
SF:/home/ggtest/Work/Claude/MDViewer/.claude/worktrees/mdviewer-android/src-tauri/src/drive/api.rs
FN:80,_RNvMNtNtCskXOmkMderRI_12mdviewer_lib5drive3apiNtB2_8DriveApi10with_token
FN:96,_RNvMNtNtCskXOmkMderRI_12mdviewer_lib5drive3apiNtB2_8DriveApi11auth_header
FN:227,_RNvMNtNtCskXOmkMderRI_12mdviewer_lib5drive3apiNtB2_8DriveApi12create_reply
FN:370,_RNvMNtNtCskXOmkMderRI_12mdviewer_lib5drive3apiNtB2_8DriveApi12files_update
FN:144,_RNvMNtNtCskXOmkMderRI_12mdviewer_lib5drive3apiNtB2_8DriveApi13list_comments
FN:324,_RNvMNtNtCskXOmkMderRI_12mdviewer_lib5drive3apiNtB2_8DriveApi13raw_get_media
FN:92,_RNvMNtNtCskXOmkMderRI_12mdviewer_lib5drive3apiNtB2_8DriveApi13replace_token
FN:190,_RNvMNtNtCskXOmkMderRI_12mdviewer_lib5drive3apiNtB2_8DriveApi14create_comment
FN:212,_RNvMNtNtCskXOmkMderRI_12mdviewer_lib5drive3apiNtB2_8DriveApi14delete_comment
FN:255,_RNvMNtNtCskXOmkMderRI_12mdviewer_lib5drive3apiNtB2_8DriveApi14files_list_raw
FN:341,_RNvMNtNtCskXOmkMderRI_12mdviewer_lib5drive3apiNtB2_8DriveApi15raw_patch_media
FN:266,_RNvMNtNtCskXOmkMderRI_12mdviewer_lib5drive3apiNtB2_8DriveApi16list_permissions
FN:305,_RNvMNtNtCskXOmkMderRI_12mdviewer_lib5drive3apiNtB2_8DriveApi18files_get_metadata
FN:404,_RNvNtNtCskXOmkMderRI_12mdviewer_lib5drive3api20parse_error_envelope
FN:100,_RINvMNtNtCskXOmkMderRI_12mdviewer_lib5drive3apiNtB3_8DriveApi15send_with_retryNCNvB2_12create_reply0EB7_
FN:100,_RINvMNtNtCskXOmkMderRI_12mdviewer_lib5drive3apiNtB3_8DriveApi15send_with_retryNCNvB2_12files_update0EB7_
FN:100,_RINvMNtNtCskXOmkMderRI_12mdviewer_lib5drive3apiNtB3_8DriveApi15send_with_retryNCNvB2_13list_comments0EB7_
FN:100,_RINvMNtNtCskXOmkMderRI_12mdviewer_lib5drive3apiNtB3_8DriveApi15send_with_retryNCNvB2_13raw_get_media0EB7_
FN:100,_RINvMNtNtCskXOmkMderRI_12mdviewer_lib5drive3apiNtB3_8DriveApi15send_with_retryNCNvB2_14create_comment0EB7_
FN:100,_RINvMNtNtCskXOmkMderRI_12mdviewer_lib5drive3apiNtB3_8DriveApi15send_with_retryNCNvB2_14delete_comment0EB7_
FN:100,_RINvMNtNtCskXOmkMderRI_12mdviewer_lib5drive3apiNtB3_8DriveApi15send_with_retryNCNvB2_14files_list_raw0EB7_
FN:100,_RINvMNtNtCskXOmkMderRI_12mdviewer_lib5drive3apiNtB3_8DriveApi15send_with_retryNCNvB2_15raw_patch_media0EB7_
FN:100,_RINvMNtNtCskXOmkMderRI_12mdviewer_lib5drive3apiNtB3_8DriveApi15send_with_retryNCNvB2_16list_permissions0EB7_
FN:100,_RINvMNtNtCskXOmkMderRI_12mdviewer_lib5drive3apiNtB3_8DriveApi15send_with_retryNCNvB2_18files_get_metadata0EB7_
FN:141,_RNCINvMNtNtCskXOmkMderRI_12mdviewer_lib5drive3apiNtB5_8DriveApi15send_with_retryNCNvB4_12create_reply0E0B9_
FN:141,_RNCINvMNtNtCskXOmkMderRI_12mdviewer_lib5drive3apiNtB5_8DriveApi15send_with_retryNCNvB4_12files_update0E0B9_
FN:141,_RNCINvMNtNtCskXOmkMderRI_12mdviewer_lib5drive3apiNtB5_8DriveApi15send_with_retryNCNvB4_13list_comments0E0B9_
FN:141,_RNCINvMNtNtCskXOmkMderRI_12mdviewer_lib5drive3apiNtB5_8DriveApi15send_with_retryNCNvB4_13raw_get_media0E0B9_
FN:141,_RNCINvMNtNtCskXOmkMderRI_12mdviewer_lib5drive3apiNtB5_8DriveApi15send_with_retryNCNvB4_14create_comment0E0B9_
FN:141,_RNCINvMNtNtCskXOmkMderRI_12mdviewer_lib5drive3apiNtB5_8DriveApi15send_with_retryNCNvB4_14delete_comment0E0B9_
FN:141,_RNCINvMNtNtCskXOmkMderRI_12mdviewer_lib5drive3apiNtB5_8DriveApi15send_with_retryNCNvB4_14files_list_raw0E0B9_
FN:141,_RNCINvMNtNtCskXOmkMderRI_12mdviewer_lib5drive3apiNtB5_8DriveApi15send_with_retryNCNvB4_15raw_patch_media0E0B9_
FN:141,_RNCINvMNtNtCskXOmkMderRI_12mdviewer_lib5drive3apiNtB5_8DriveApi15send_with_retryNCNvB4_16list_permissions0E0B9_
FN:141,_RNCINvMNtNtCskXOmkMderRI_12mdviewer_lib5drive3apiNtB5_8DriveApi15send_with_retryNCNvB4_18files_get_metadata0E0B9_
FN:83,_RNCNvMNtNtCskXOmkMderRI_12mdviewer_lib5drive3apiNtB4_8DriveApi10with_token0B8_
FN:238,_RNCNvMNtNtCskXOmkMderRI_12mdviewer_lib5drive3apiNtB4_8DriveApi12create_reply0B8_
FN:248,_RNCNvMNtNtCskXOmkMderRI_12mdviewer_lib5drive3apiNtB4_8DriveApi12create_replys_0B8_
FN:377,_RNCNvMNtNtCskXOmkMderRI_12mdviewer_lib5drive3apiNtB4_8DriveApi12files_update0B8_
FN:389,_RNCNvMNtNtCskXOmkMderRI_12mdviewer_lib5drive3apiNtB4_8DriveApi12files_updates_0B8_
FN:152,_RNCNvMNtNtCskXOmkMderRI_12mdviewer_lib5drive3apiNtB4_8DriveApi13list_comments0B8_
FN:185,_RNCNvMNtNtCskXOmkMderRI_12mdviewer_lib5drive3apiNtB4_8DriveApi13list_commentss0_0B8_
FN:181,_RNCNvMNtNtCskXOmkMderRI_12mdviewer_lib5drive3apiNtB4_8DriveApi13list_commentss_0B8_
FN:329,_RNCNvMNtNtCskXOmkMderRI_12mdviewer_lib5drive3apiNtB4_8DriveApi13raw_get_media0B8_
FN:199,_RNCNvMNtNtCskXOmkMderRI_12mdviewer_lib5drive3apiNtB4_8DriveApi14create_comment0B8_
FN:209,_RNCNvMNtNtCskXOmkMderRI_12mdviewer_lib5drive3apiNtB4_8DriveApi14create_comments_0B8_
FN:223,_RNCNvMNtNtCskXOmkMderRI_12mdviewer_lib5drive3apiNtB4_8DriveApi14delete_comment0B8_
FN:257,_RNCNvMNtNtCskXOmkMderRI_12mdviewer_lib5drive3apiNtB4_8DriveApi14files_list_raw0B8_
FN:263,_RNCNvMNtNtCskXOmkMderRI_12mdviewer_lib5drive3apiNtB4_8DriveApi14files_list_raws_0B8_
FN:351,_RNCNvMNtNtCskXOmkMderRI_12mdviewer_lib5drive3apiNtB4_8DriveApi15raw_patch_media0B8_
FN:362,_RNCNvMNtNtCskXOmkMderRI_12mdviewer_lib5drive3apiNtB4_8DriveApi15raw_patch_medias0_0B8_
FN:360,_RNCNvMNtNtCskXOmkMderRI_12mdviewer_lib5drive3apiNtB4_8DriveApi15raw_patch_medias_0B8_
FN:285,_RNCNvMNtNtCskXOmkMderRI_12mdviewer_lib5drive3apiNtB4_8DriveApi16list_permissions0B8_
FN:296,_RNCNvMNtNtCskXOmkMderRI_12mdviewer_lib5drive3apiNtB4_8DriveApi16list_permissionss0_0B8_
FN:292,_RNCNvMNtNtCskXOmkMderRI_12mdviewer_lib5drive3apiNtB4_8DriveApi16list_permissionss_0B8_
FN:310,_RNCNvMNtNtCskXOmkMderRI_12mdviewer_lib5drive3apiNtB4_8DriveApi18files_get_metadata0B8_
FN:316,_RNCNvMNtNtCskXOmkMderRI_12mdviewer_lib5drive3apiNtB4_8DriveApi18files_get_metadatas_0B8_
FN:83,_RNCNvMNtNtCs2DXdqaz45d1_12mdviewer_lib5drive3apiNtB4_8DriveApi10with_token0B8_
FN:377,_RNCNvMNtNtCs2DXdqaz45d1_12mdviewer_lib5drive3apiNtB4_8DriveApi12files_update0B8_
FN:389,_RNCNvMNtNtCs2DXdqaz45d1_12mdviewer_lib5drive3apiNtB4_8DriveApi12files_updates_0B8_
FN:329,_RNCNvMNtNtCs2DXdqaz45d1_12mdviewer_lib5drive3apiNtB4_8DriveApi13raw_get_media0B8_
FN:257,_RNCNvMNtNtCs2DXdqaz45d1_12mdviewer_lib5drive3apiNtB4_8DriveApi14files_list_raw0B8_
FN:263,_RNCNvMNtNtCs2DXdqaz45d1_12mdviewer_lib5drive3apiNtB4_8DriveApi14files_list_raws_0B8_
FN:351,_RNCNvMNtNtCs2DXdqaz45d1_12mdviewer_lib5drive3apiNtB4_8DriveApi15raw_patch_media0B8_
FN:362,_RNCNvMNtNtCs2DXdqaz45d1_12mdviewer_lib5drive3apiNtB4_8DriveApi15raw_patch_medias0_0B8_
FN:360,_RNCNvMNtNtCs2DXdqaz45d1_12mdviewer_lib5drive3apiNtB4_8DriveApi15raw_patch_medias_0B8_
FN:285,_RNCNvMNtNtCs2DXdqaz45d1_12mdviewer_lib5drive3apiNtB4_8DriveApi16list_permissions0B8_
FN:296,_RNCNvMNtNtCs2DXdqaz45d1_12mdviewer_lib5drive3apiNtB4_8DriveApi16list_permissionss0_0B8_
FN:292,_RNCNvMNtNtCs2DXdqaz45d1_12mdviewer_lib5drive3apiNtB4_8DriveApi16list_permissionss_0B8_
[...]
FNDA:1,_RNCNvMs_NtCskXOmkMderRI_12mdviewer_lib9workspaceNtB6_9Workspace16comments_for_muts_0B8_
FNDA:0,_RNCNvMs_NtCskXOmkMderRI_12mdviewer_lib9workspaceNtB6_9Workspace17id_maps_arc_clone0B8_
FNDA:0,_RNCNvMs_NtCskXOmkMderRI_12mdviewer_lib9workspaceNtB6_9Workspace18drive_resolve_path0B8_
FNDA:0,_RNCNvMs_NtCskXOmkMderRI_12mdviewer_lib9workspaceNtB6_9Workspace18drive_tab_file_ids0B8_
FNDA:0,_RNCNvMs_NtCskXOmkMderRI_12mdviewer_lib9workspaceNtB6_9Workspace18drive_tab_file_idss_0B8_
FNDA:1,_RNCNvMs_NtCskXOmkMderRI_12mdviewer_lib9workspaceNtB6_9Workspace18save_drive_api_tab0B8_
FNDA:0,_RNCNvMs_NtCskXOmkMderRI_12mdviewer_lib9workspaceNtB6_9Workspace18save_drive_api_tabs0_0B8_
FNDA:0,_RNCNvMs_NtCskXOmkMderRI_12mdviewer_lib9workspaceNtB6_9Workspace18save_drive_api_tabs_0B8_
FNDA:6,_RNCNvMs_NtCskXOmkMderRI_12mdviewer_lib9workspaceNtB6_9Workspace19list_open_documents0B8_
FNDA:0,_RNCNvMs_NtCskXOmkMderRI_12mdviewer_lib9workspaceNtB6_9Workspace20prime_saved_snapshot0B8_
FNDA:1,_RNCNvMs_NtCskXOmkMderRI_12mdviewer_lib9workspaceNtB6_9Workspace20prime_saved_snapshots_0B8_
FNDA:2,_RNCNvMs_NtCskXOmkMderRI_12mdviewer_lib9workspaceNtB6_9Workspace22resolve_anchor_for_tab0B8_
FNDA:1,_RNCNvMs_NtCskXOmkMderRI_12mdviewer_lib9workspaceNtB6_9Workspace22save_drive_desktop_tab0B8_
FNDA:0,_RNCNvMs_NtCskXOmkMderRI_12mdviewer_lib9workspaceNtB6_9Workspace22save_drive_desktop_tabs0_0B8_
FNDA:0,_RNCNvMs_NtCskXOmkMderRI_12mdviewer_lib9workspaceNtB6_9Workspace22save_drive_desktop_tabs_0B8_
FNDA:4,_RNCNvMs_NtCskXOmkMderRI_12mdviewer_lib9workspaceNtB6_9Workspace28drive_connect_apply_no_spawn0B8_
FNDA:3,_RNCNvMs_NtCskXOmkMderRI_12mdviewer_lib9workspaceNtB6_9Workspace9close_tab0B8_
FNDA:4,_RNCNvNtCskXOmkMderRI_12mdviewer_lib9workspace16make_test_opener0B5_
FNDA:0,_RNCNvNtCskXOmkMderRI_12mdviewer_lib9workspace16run_polling_loop0B5_
FNDA:0,_RNCNvNtCskXOmkMderRI_12mdviewer_lib9workspace28run_polling_loop_with_cancel0B5_
FNDA:0,_RINvMs_NtCs2DXdqaz45d1_12mdviewer_lib9workspaceNtB5_9Workspace19drive_connect_innerpEB7_
FNDA:0,_RINvNtCs2DXdqaz45d1_12mdviewer_lib9workspace19drive_connect_oauthpEB4_
FNDA:0,_RNCINvNtCs2DXdqaz45d1_12mdviewer_lib9workspace19drive_connect_oauthpE0B6_
FNDA:0,_RNCINvNtCs2DXdqaz45d1_12mdviewer_lib9workspace19drive_connect_oauthpEs_0B6_
FNDA:0,_RNCNCNvMs_NtCs2DXdqaz45d1_12mdviewer_lib9workspaceNtB8_9Workspace15persist_session00Ba_
FNDA:0,_RNCNCNvNtCs2DXdqaz45d1_12mdviewer_lib9workspace16make_test_opener00B7_
FNDA:0,_RNCNvMNtCs2DXdqaz45d1_12mdviewer_lib9workspaceNtB4_3Tab15compute_backend0B6_
FNDA:0,_RNCNvMs2_NtCs2DXdqaz45d1_12mdviewer_lib9workspaceNtB7_9Workspace26polling_cancel_rx_for_test0B9_
FNDA:0,_RNCNvMs_NtCs2DXdqaz45d1_12mdviewer_lib9workspaceNtB6_9Workspace11refresh_tab0B8_
FNDA:0,_RNCNvMs_NtCs2DXdqaz45d1_12mdviewer_lib9workspaceNtB6_9Workspace11refresh_tabs0_0B8_
FNDA:0,_RNCNvMs_NtCs2DXdqaz45d1_12mdviewer_lib9workspaceNtB6_9Workspace11refresh_tabs1_0B8_
FNDA:0,_RNCNvMs_NtCs2DXdqaz45d1_12mdviewer_lib9workspaceNtB6_9Workspace11refresh_tabs_0B8_
FNDA:0,_RNCNvMs_NtCs2DXdqaz45d1_12mdviewer_lib9workspaceNtB6_9Workspace12comments_fors_0B8_
FNDA:0,_RNCNvMs_NtCs2DXdqaz45d1_12mdviewer_lib9workspaceNtB6_9Workspace12find_by_path0B8_
FNDA:0,_RNCNvMs_NtCs2DXdqaz45d1_12mdviewer_lib9workspaceNtB6_9Workspace12find_by_paths_0B8_
FNDA:0,_RNCNvMs_NtCs2DXdqaz45d1_12mdviewer_lib9workspaceNtB6_9Workspace13open_document0B8_
FNDA:0,_RNCNvMs_NtCs2DXdqaz45d1_12mdviewer_lib9workspaceNtB6_9Workspace13open_documents0_0B8_
FNDA:0,_RNCNvMs_NtCs2DXdqaz45d1_12mdviewer_lib9workspaceNtB6_9Workspace13open_documents1_0B8_
FNDA:0,_RNCNvMs_NtCs2DXdqaz45d1_12mdviewer_lib9workspaceNtB6_9Workspace13open_documents_0B8_
FNDA:0,_RNCNvMs_NtCs2DXdqaz45d1_12mdviewer_lib9workspaceNtB6_9Workspace14drive_open_url0B8_
FNDA:0,_RNCNvMs_NtCs2DXdqaz45d1_12mdviewer_lib9workspaceNtB6_9Workspace14drive_open_urls_0B8_
FNDA:0,_RNCNvMs_NtCs2DXdqaz45d1_12mdviewer_lib9workspaceNtB6_9Workspace15persist_session0B8_
FNDA:0,_RNCNvMs_NtCs2DXdqaz45d1_12mdviewer_lib9workspaceNtB6_9Workspace15persist_sessions0_0B8_
FNDA:0,_RNCNvMs_NtCs2DXdqaz45d1_12mdviewer_lib9workspaceNtB6_9Workspace15persist_sessions_0B8_
FNDA:0,_RNCNvMs_NtCs2DXdqaz45d1_12mdviewer_lib9workspaceNtB6_9Workspace16comments_for_muts_0B8_
FNDA:0,_RNCNvMs_NtCs2DXdqaz45d1_12mdviewer_lib9workspaceNtB6_9Workspace18drive_resolve_path0B8_
FNDA:0,_RNCNvMs_NtCs2DXdqaz45d1_12mdviewer_lib9workspaceNtB6_9Workspace18save_drive_api_tab0B8_
FNDA:0,_RNCNvMs_NtCs2DXdqaz45d1_12mdviewer_lib9workspaceNtB6_9Workspace18save_drive_api_tabs0_0B8_
FNDA:0,_RNCNvMs_NtCs2DXdqaz45d1_12mdviewer_lib9workspaceNtB6_9Workspace18save_drive_api_tabs_0B8_
FNDA:0,_RNCNvMs_NtCs2DXdqaz45d1_12mdviewer_lib9workspaceNtB6_9Workspace19list_open_documents0B8_
FNDA:0,_RNCNvMs_NtCs2DXdqaz45d1_12mdviewer_lib9workspaceNtB6_9Workspace20prime_saved_snapshot0B8_
FNDA:0,_RNCNvMs_NtCs2DXdqaz45d1_12mdviewer_lib9workspaceNtB6_9Workspace20prime_saved_snapshots_0B8_
FNDA:0,_RNCNvMs_NtCs2DXdqaz45d1_12mdviewer_lib9workspaceNtB6_9Workspace22resolve_anchor_for_tab0B8_
FNDA:0,_RNCNvMs_NtCs2DXdqaz45d1_12mdviewer_lib9workspaceNtB6_9Workspace22save_drive_desktop_tab0B8_
FNDA:0,_RNCNvMs_NtCs2DXdqaz45d1_12mdviewer_lib9workspaceNtB6_9Workspace22save_drive_desktop_tabs0_0B8_
FNDA:0,_RNCNvMs_NtCs2DXdqaz45d1_12mdviewer_lib9workspaceNtB6_9Workspace22save_drive_desktop_tabs_0B8_
FNDA:0,_RNCNvMs_NtCs2DXdqaz45d1_12mdviewer_lib9workspaceNtB6_9Workspace28drive_connect_apply_no_spawn0B8_
FNDA:0,_RNCNvMs_NtCs2DXdqaz45d1_12mdviewer_lib9workspaceNtB6_9Workspace9close_tab0B8_
FNDA:0,_RNCNvNtCs2DXdqaz45d1_12mdviewer_lib9workspace16make_test_opener0B5_
FNDA:0,_RNvMNtCs2DXdqaz45d1_12mdviewer_lib9workspaceNtB2_3Tab15compute_backend
FNDA:0,_RNvMNtCs2DXdqaz45d1_12mdviewer_lib9workspaceNtB2_3Tab7summary
FNDA:0,_RNvMs2_NtCs2DXdqaz45d1_12mdviewer_lib9workspaceNtB5_9Workspace12new_for_test
FNDA:0,_RNvMs2_NtCs2DXdqaz45d1_12mdviewer_lib9workspaceNtB5_9Workspace22drive_connect_for_test
FNDA:0,_RNvMs2_NtCs2DXdqaz45d1_12mdviewer_lib9workspaceNtB5_9Workspace22set_drive_api_for_test
FNDA:0,_RNvMs2_NtCs2DXdqaz45d1_12mdviewer_lib9workspaceNtB5_9Workspace23test_open_drive_api_tab
FNDA:0,_RNvMs2_NtCs2DXdqaz45d1_12mdviewer_lib9workspaceNtB5_9Workspace26polling_cancel_rx_for_test
FNDA:0,_RNvMs2_NtCs2DXdqaz45d1_12mdviewer_lib9workspaceNtB5_9Workspace27test_open_drive_desktop_tab
FNDA:0,_RNvMs2_NtCs2DXdqaz45d1_12mdviewer_lib9workspaceNtB5_9Workspace39drive_connect_capture_auth_url_for_test
FNDA:0,_RNvMs_NtCs2DXdqaz45d1_12mdviewer_lib9workspaceNtB4_9Workspace11refresh_tab
FNDA:0,_RNvMs_NtCs2DXdqaz45d1_12mdviewer_lib9workspaceNtB4_9Workspace12activate_tab
FNDA:0,_RNvMs_NtCs2DXdqaz45d1_12mdviewer_lib9workspaceNtB4_9Workspace12comments_for
FNDA:0,_RNvMs_NtCs2DXdqaz45d1_12mdviewer_lib9workspaceNtB4_9Workspace12find_by_path
FNDA:0,_RNvMs_NtCs2DXdqaz45d1_12mdviewer_lib9workspaceNtB4_9Workspace13active_tab_id
FNDA:0,_RNvMs_NtCs2DXdqaz45d1_12mdviewer_lib9workspaceNtB4_9Workspace13doc_prefs_mut
FNDA:0,_RNvMs_NtCs2DXdqaz45d1_12mdviewer_lib9workspaceNtB4_9Workspace13drive_api_arc
FNDA:0,_RNvMs_NtCs2DXdqaz45d1_12mdviewer_lib9workspaceNtB4_9Workspace13drive_connect
FNDA:0,_RNvMs_NtCs2DXdqaz45d1_12mdviewer_lib9workspaceNtB4_9Workspace13open_document
FNDA:0,_RNvMs_NtCs2DXdqaz45d1_12mdviewer_lib9workspaceNtB4_9Workspace13recents_store
FNDA:0,_RNvMs_NtCs2DXdqaz45d1_12mdviewer_lib9workspaceNtB4_9Workspace13session_store
FNDA:0,_RNvMs_NtCs2DXdqaz45d1_12mdviewer_lib9workspaceNtB4_9Workspace14drive_open_url
FNDA:0,_RNvMs_NtCs2DXdqaz45d1_12mdviewer_lib9workspaceNtB4_9Workspace15persist_session
FNDA:0,_RNvMs_NtCs2DXdqaz45d1_12mdviewer_lib9workspaceNtB4_9Workspace16comments_for_mut
FNDA:0,_RNvMs_NtCs2DXdqaz45d1_12mdviewer_lib9workspaceNtB4_9Workspace16drive_disconnect
FNDA:0,_RNvMs_NtCs2DXdqaz45d1_12mdviewer_lib9workspaceNtB4_9Workspace18drive_connect_prep
FNDA:0,_RNvMs_NtCs2DXdqaz45d1_12mdviewer_lib9workspaceNtB4_9Workspace18drive_resolve_path
FNDA:0,_RNvMs_NtCs2DXdqaz45d1_12mdviewer_lib9workspaceNtB4_9Workspace18save_drive_api_tab
FNDA:0,_RNvMs_NtCs2DXdqaz45d1_12mdviewer_lib9workspaceNtB4_9Workspace18settings_store_mut
FNDA:0,_RNvMs_NtCs2DXdqaz45d1_12mdviewer_lib9workspaceNtB4_9Workspace19drive_connect_apply
FNDA:0,_RNvMs_NtCs2DXdqaz45d1_12mdviewer_lib9workspaceNtB4_9Workspace19list_open_documents
FNDA:0,_RNvMs_NtCs2DXdqaz45d1_12mdviewer_lib9workspaceNtB4_9Workspace20prime_saved_snapshot
FNDA:0,_RNvMs_NtCs2DXdqaz45d1_12mdviewer_lib9workspaceNtB4_9Workspace22resolve_anchor_for_tab
FNDA:0,_RNvMs_NtCs2DXdqaz45d1_12mdviewer_lib9workspaceNtB4_9Workspace22save_drive_desktop_tab
FNDA:0,_RNvMs_NtCs2DXdqaz45d1_12mdviewer_lib9workspaceNtB4_9Workspace23drive_get_collaborators
FNDA:0,_RNvMs_NtCs2DXdqaz45d1_12mdviewer_lib9workspaceNtB4_9Workspace28drive_connect_apply_no_spawn
FNDA:0,_RNvMs_NtCs2DXdqaz45d1_12mdviewer_lib9workspaceNtB4_9Workspace39recompute_backends_after_connect_change
FNDA:0,_RNvMs_NtCs2DXdqaz45d1_12mdviewer_lib9workspaceNtB4_9Workspace3new
FNDA:0,_RNvMs_NtCs2DXdqaz45d1_12mdviewer_lib9workspaceNtB4_9Workspace3tab
FNDA:0,_RNvMs_NtCs2DXdqaz45d1_12mdviewer_lib9workspaceNtB4_9Workspace7tab_mut
FNDA:0,_RNvMs_NtCs2DXdqaz45d1_12mdviewer_lib9workspaceNtB4_9Workspace9close_tab
FNDA:0,_RNvMs_NtCs2DXdqaz45d1_12mdviewer_lib9workspaceNtB4_9Workspace9doc_prefs
FNDA:0,_RNvNtCs2DXdqaz45d1_12mdviewer_lib9workspace16default_open_url
FNDA:0,_RNvNtCs2DXdqaz45d1_12mdviewer_lib9workspace16make_test_opener
FNDA:0,_RNvNtCs2DXdqaz45d1_12mdviewer_lib9workspace28run_polling_loop_with_cancel
FNDA:0,_RNvXNvMs_NtCs2DXdqaz45d1_12mdviewer_lib9workspaceNtB7_9Workspace18drive_resolve_pathNtB2_10ApiBackendNtNtNtB9_5drive7file_id13FileIdBackend10files_list
FNDA:4,_RNvMs0_NtCs2DXdqaz45d1_12mdviewer_lib9workspaceNtB5_14ConflictSource7to_wire
FNDA:0,_RNvMs_NtCs2DXdqaz45d1_12mdviewer_lib9workspaceNtB4_9Workspace10config_dir
FNDA:0,_RNvMs_NtCs2DXdqaz45d1_12mdviewer_lib9workspaceNtB4_9Workspace12drive_status
FNDA:0,_RNvMs_NtCs2DXdqaz45d1_12mdviewer_lib9workspaceNtB4_9Workspace14drive_poll_one
FNDA:0,_RNvMs_NtCs2DXdqaz45d1_12mdviewer_lib9workspaceNtB4_9Workspace14settings_store
FNDA:0,_RNvMs_NtCs2DXdqaz45d1_12mdviewer_lib9workspaceNtB4_9Workspace17id_maps_arc_clone
FNDA:0,_RNvMs_NtCs2DXdqaz45d1_12mdviewer_lib9workspaceNtB4_9Workspace18drive_tab_file_ids
FNDA:0,_RNvNtCs2DXdqaz45d1_12mdviewer_lib9workspace16run_polling_loop
FNDA:2,_RNvXs1_NtCs2DXdqaz45d1_12mdviewer_lib9workspaceNtB5_14ConflictSourceNtNtCsgEmfK2I1SDS_4core3fmt7Display3fmt
FNDA:0,_RNCNCNCNCNvNtCs2DXdqaz45d1_12mdviewer_lib9workspace16run_polling_loop0s_000Bb_
FNDA:0,_RNCNCNCNvNtCs2DXdqaz45d1_12mdviewer_lib9workspace16run_polling_loop000B9_
FNDA:0,_RNCNCNCNvNtCs2DXdqaz45d1_12mdviewer_lib9workspace16run_polling_loop0s_00B9_
FNDA:0,_RNCNCNvNtCs2DXdqaz45d1_12mdviewer_lib9workspace16run_polling_loop00B7_
FNDA:0,_RNCNCNvNtCs2DXdqaz45d1_12mdviewer_lib9workspace16run_polling_loop0s_0B7_
FNDA:0,_RNCNCNvNtCs2DXdqaz45d1_12mdviewer_lib9workspace28run_polling_loop_with_cancel00B7_
FNDA:0,_RNCNvMs_NtCs2DXdqaz45d1_12mdviewer_lib9workspaceNtB6_9Workspace12drive_status0B8_
FNDA:0,_RNCNvMs_NtCs2DXdqaz45d1_12mdviewer_lib9workspaceNtB6_9Workspace14drive_poll_one0B8_
FNDA:0,_RNCNvMs_NtCs2DXdqaz45d1_12mdviewer_lib9workspaceNtB6_9Workspace14drive_poll_ones0_0B8_
FNDA:0,_RNCNvMs_NtCs2DXdqaz45d1_12mdviewer_lib9workspaceNtB6_9Workspace14drive_poll_ones1_0B8_
FNDA:0,_RNCNvMs_NtCs2DXdqaz45d1_12mdviewer_lib9workspaceNtB6_9Workspace14drive_poll_ones2_0B8_
FNDA:0,_RNCNvMs_NtCs2DXdqaz45d1_12mdviewer_lib9workspaceNtB6_9Workspace14drive_poll_ones_0B8_
FNDA:0,_RNCNvMs_NtCs2DXdqaz45d1_12mdviewer_lib9workspaceNtB6_9Workspace17id_maps_arc_clone0B8_
FNDA:0,_RNCNvMs_NtCs2DXdqaz45d1_12mdviewer_lib9workspaceNtB6_9Workspace18drive_tab_file_ids0B8_
FNDA:0,_RNCNvMs_NtCs2DXdqaz45d1_12mdviewer_lib9workspaceNtB6_9Workspace18drive_tab_file_idss_0B8_
FNDA:0,_RNCNvNtCs2DXdqaz45d1_12mdviewer_lib9workspace16run_polling_loop0B5_
FNDA:0,_RNCNvNtCs2DXdqaz45d1_12mdviewer_lib9workspace28run_polling_loop_with_cancel0B5_
FNDA:1,_RNvNtNtCs2DXdqaz45d1_12mdviewer_lib9workspace5testss_37conflict_source_wire_format_is_stable
FNF:111
FNH:73
DA:81,3
DA:82,3
DA:83,3
DA:84,3
DA:85,3
DA:86,3
DA:97,16
DA:98,16
DA:99,16
DA:100,0
DA:101,0
DA:102,0
DA:103,0
DA:104,0
DA:105,0
DA:106,0
DA:107,0
DA:108,0
DA:109,0
DA:111,0
DA:113,0
DA:115,16
DA:241,42
DA:243,42
DA:244,42
DA:245,42
DA:246,42
DA:247,42
DA:248,42
DA:249,42
DA:250,42
DA:252,42
DA:253,42
DA:254,42
DA:255,42
DA:256,42
DA:260,42
DA:263,42
DA:265,42
DA:272,8
DA:273,8
DA:274,8
DA:280,1
DA:281,1
DA:282,1
DA:291,1
DA:292,1
DA:293,1
DA:301,0
DA:302,0
DA:303,0
DA:304,0
DA:305,0
DA:306,0
DA:307,0
DA:317,0
DA:318,0
DA:322,0
DA:323,0
DA:324,0
DA:325,0
DA:326,0
DA:327,0
DA:328,0
DA:329,0
DA:330,0
DA:331,0
DA:332,0
DA:333,0
DA:334,0
DA:335,0
DA:336,0
DA:344,5
DA:345,5
DA:346,0
DA:347,0
DA:348,0
DA:349,0
DA:351,5
DA:361,1
DA:362,1
DA:363,1
DA:364,1
DA:365,1
DA:366,1
DA:367,1
DA:368,1
DA:369,0
DA:375,0
DA:376,0
DA:377,0
DA:378,0
DA:379,0
DA:380,0
DA:382,0
DA:383,0
DA:384,0
DA:385,0
DA:386,0
DA:387,0
DA:388,0
DA:389,0
DA:390,0
DA:391,0
DA:392,0
DA:393,0
DA:394,0
DA:395,0
DA:398,0
DA:400,0
DA:402,1
DA:415,3
DA:416,3
DA:422,3
DA:423,1
DA:424,1
DA:425,1
DA:426,1
DA:427,2
DA:429,2
DA:430,2
DA:431,2
DA:432,2
DA:433,2
DA:434,2
DA:435,2
DA:436,2
DA:437,2
DA:443,2
DA:444,2
DA:445,2
DA:446,2
DA:447,2
DA:448,2
DA:449,2
DA:450,2
DA:452,2
DA:454,2
DA:455,2
DA:456,2
DA:457,2
DA:465,2
DA:466,2
DA:467,2
DA:468,2
DA:469,2
DA:470,2
DA:471,2
DA:472,2
DA:473,2
DA:474,2
DA:475,2
DA:476,2
DA:477,2
DA:478,2
DA:479,2
DA:480,2
DA:481,2
DA:482,2
DA:485,2
DA:486,2
DA:487,3
DA:495,1
DA:496,1
DA:497,1
DA:498,1
DA:499,1
DA:500,1
DA:501,1
DA:502,1
DA:503,1
DA:504,1
DA:505,1
DA:506,1
DA:507,1
DA:508,1
DA:509,1
DA:510,1
DA:511,1
DA:512,0
DA:514,1
DA:515,1
DA:516,1
DA:517,1
DA:518,1
DA:519,1
DA:520,1
DA:521,1
DA:522,1
DA:523,1
DA:524,1
DA:525,1
DA:527,0
DA:529,1
DA:546,1
DA:547,1
DA:548,1
DA:549,1
DA:550,1
DA:551,1
DA:552,1
DA:553,1
DA:554,1
DA:555,1
DA:556,0
DA:557,0
DA:558,1
DA:559,0
DA:560,0
DA:561,0
DA:562,0
DA:563,1
DA:565,0
DA:568,0
DA:569,0
DA:570,0
DA:571,0
DA:572,0
DA:573,0
DA:574,0
DA:575,0
DA:578,1
DA:579,1
DA:580,1
DA:581,1
DA:582,1
DA:583,1
DA:586,1
DA:592,2
DA:593,2
DA:594,2
DA:595,2
DA:596,2
DA:597,2
DA:598,2
DA:599,2
DA:600,1
DA:601,2
DA:628,0
DA:633,0
DA:634,0
DA:635,0
DA:636,0
DA:643,4
DA:644,4
DA:645,4
DA:646,4
DA:647,4
DA:648,4
DA:649,4
DA:654,0
DA:655,0
DA:656,0
DA:657,0
DA:658,0
DA:660,0
DA:665,0
DA:666,0
DA:667,0
DA:668,0
DA:669,0
DA:671,0
DA:672,0
DA:681,4
DA:682,4
DA:683,4
DA:684,4
DA:685,4
DA:686,4
DA:687,4
DA:688,4
DA:694,4
DA:695,4
DA:696,4
DA:697,4
DA:698,4
DA:699,4
DA:700,4
DA:701,0
DA:702,4
DA:704,0
DA:705,4
DA:706,0
DA:707,0
DA:708,4
DA:709,4
DA:711,4
DA:712,4
DA:713,4
DA:714,4
DA:715,4
DA:716,4
DA:717,4
DA:718,4
DA:719,4
DA:727,1
DA:733,1
DA:734,1
DA:735,1
DA:736,1
DA:737,1
DA:738,1
DA:739,1
DA:744,1
DA:745,1
DA:746,1
DA:762,5
DA:763,5
DA:764,5
DA:765,5
DA:766,5
DA:767,5
DA:768,5
DA:769,5
DA:770,4
DA:772,4
DA:773,4
DA:774,4
DA:775,4
DA:776,4
DA:777,4
DA:778,4
DA:780,4
DA:781,4
DA:782,4
DA:783,4
DA:784,4
DA:795,4
DA:796,2
DA:797,2
DA:798,2
DA:799,2
DA:800,2
DA:801,2
DA:802,2
DA:803,2
DA:804,2
DA:805,2
DA:809,0
DA:810,2
DA:811,2
DA:813,4
DA:814,1
DA:815,3
DA:821,3
DA:822,3
DA:823,3
DA:824,3
DA:825,3
DA:826,3
DA:829,0
DA:832,3
DA:837,3
DA:838,3
DA:839,3
DA:840,3
DA:842,1
DA:843,3
DA:844,1
DA:845,1
DA:846,2
DA:847,2
DA:848,2
DA:849,0
DA:851,3
DA:852,0
DA:854,3
DA:855,5
DA:857,0
DA:858,0
DA:859,0
DA:864,23
DA:865,23
DA:866,23
DA:867,23
DA:868,25
DA:869,23
DA:870,23
DA:871,23
DA:872,23
DA:873,23
DA:874,23
DA:875,23
DA:878,0
DA:879,23
DA:880,23
DA:882,20
DA:883,20
DA:889,20
DA:890,3
DA:891,3
DA:892,3
DA:893,3
DA:894,3
DA:895,3
DA:896,3
DA:897,3
DA:898,3
DA:899,20
DA:903,3
DA:904,3
DA:905,3
DA:906,1
DA:907,1
DA:908,1
DA:909,1
DA:910,1
DA:911,1
DA:912,2
DA:913,0
DA:914,0
DA:915,2
DA:916,2
DA:917,2
DA:918,2
DA:919,2
DA:920,2
DA:921,2
DA:922,2
DA:923,2
DA:924,17
DA:926,17
DA:927,17
DA:934,17
DA:935,1
DA:936,1
DA:938,1
DA:939,1
DA:940,1
DA:941,1
DA:943,1
DA:944,1
DA:945,1
DA:946,1
DA:947,1
DA:948,1
DA:949,0
DA:950,16
DA:952,16
DA:953,16
DA:954,16
DA:955,16
DA:956,16
DA:957,16
DA:959,16
DA:960,16
DA:962,16
DA:964,16
DA:965,16
DA:966,16
DA:967,16
DA:970,16
DA:971,16
DA:972,16
DA:973,16
DA:974,16
DA:975,16
DA:976,16
DA:981,16
DA:982,16
DA:983,16
DA:984,16
DA:985,16
DA:986,16
DA:987,16
DA:988,16
DA:989,16
DA:990,16
DA:991,16
DA:992,16
DA:993,16
DA:994,16
DA:995,16
DA:996,16
DA:997,16
DA:998,16
DA:1000,16
DA:1001,16
DA:1002,16
DA:1003,16
DA:1004,16
DA:1005,20
DA:1016,2
DA:1017,2
DA:1018,2
DA:1019,2
DA:1020,2
DA:1021,2
DA:1022,2
DA:1023,2
DA:1024,2
DA:1025,2
DA:1026,2
DA:1027,2
DA:1028,2
DA:1029,2
DA:1030,2
DA:1031,1
DA:1032,1
DA:1033,1
DA:1034,1
DA:1035,2
DA:1037,2
DA:1042,2
DA:1043,2
DA:1044,2
DA:1045,2
DA:1046,0
DA:1047,3
DA:1048,2
DA:1049,2
DA:1050,2
DA:1051,2
DA:1052,2
DA:1053,2
DA:1059,1
DA:1060,1
DA:1061,1
DA:1062,1
DA:1063,1
DA:1064,1
DA:1065,1
DA:1067,2
DA:1068,2
DA:1069,1
DA:1070,1
DA:1071,1
DA:1072,1
DA:1073,1
DA:1074,2
DA:1076,5
DA:1077,6
DA:1078,5
DA:1080,5
DA:1081,5
DA:1082,5
DA:1084,20
DA:1085,20
DA:1086,20
DA:1087,20
DA:1088,20
DA:1089,20
DA:1091,10
DA:1092,10
DA:1093,10
DA:1094,2
DA:1095,2
DA:1096,2
DA:1097,2
DA:1098,2
DA:1099,2
DA:1102,9
DA:1103,9
DA:1104,9
DA:1110,7
DA:1111,7
DA:1112,7
DA:1118,0
DA:1119,0
DA:1120,0
DA:1126,0
DA:1127,0
DA:1128,0
DA:1130,7
DA:1131,7
DA:1132,7
DA:1133,7
DA:1134,7
DA:1135,7
DA:1137,2
DA:1138,2
DA:1139,2
DA:1140,2
DA:1141,2
DA:1142,2
DA:1149,7
DA:1150,7
DA:1151,7
DA:1152,7
DA:1153,7
DA:1154,5
DA:1155,5
DA:1156,7
DA:1178,4
DA:1179,4
DA:1180,4
DA:1181,4
DA:1182,4
DA:1183,4
DA:1184,1
DA:1185,3
DA:1191,4
DA:1192,3
DA:1194,0
DA:1195,0
DA:1196,0
DA:1197,0
DA:1198,0
DA:1199,4
DA:1201,4
DA:1202,4
DA:1203,4
DA:1204,4
DA:1206,4
DA:1208,4
DA:1209,4
DA:1210,4
DA:1211,4
DA:1212,4
DA:1214,4
DA:1215,4
DA:1216,4
DA:1217,4
DA:1218,4
DA:1219,4
DA:1220,4
DA:1227,0
DA:1231,0
DA:1236,0
DA:1237,0
DA:1238,0
DA:1239,0
DA:1251,4
DA:1252,4
DA:1253,4
DA:1254,4
DA:1255,4
DA:1256,4
DA:1257,4
DA:1262,4
DA:1263,4
DA:1264,4
DA:1265,0
DA:1267,4
DA:1268,4
DA:1269,4
DA:1270,4
DA:1271,0
DA:1273,4
DA:1274,4
DA:1275,4
DA:1276,4
DA:1277,4
DA:1278,4
DA:1279,4
DA:1280,4
DA:1281,4
DA:1317,4
DA:1318,4
DA:1319,2
DA:1320,2
DA:1322,4
DA:1326,2
DA:1327,2
DA:1328,2
DA:1348,15
DA:1349,15
DA:1353,15
DA:1354,15
DA:1355,15
DA:1356,15
DA:1361,7
DA:1362,7
DA:1363,7
DA:1374,3
DA:1375,3
DA:1376,3
DA:1381,3
DA:1382,3
DA:1383,3
DA:1384,3
DA:1389,1
DA:1390,1
DA:1391,1
DA:1392,1
DA:1393,1
DA:1394,1
DA:1395,1
DA:1396,1
DA:1397,1
DA:1398,1
DA:1404,1
DA:1405,1
DA:1406,1
DA:1407,1
DA:1408,1
DA:1414,4
DA:1415,4
DA:1416,4
DA:1417,4
DA:1418,4
DA:1419,4
DA:1420,4
DA:1421,4
DA:1423,4
DA:1424,4
DA:1425,4
DA:1426,4
DA:1427,4
DA:1428,4
DA:1429,4
DA:1430,4
DA:1431,4
DA:1432,4
DA:1433,4
DA:1434,4
DA:1435,4
DA:1437,4
DA:1438,4
DA:1439,4
DA:1440,4
DA:1448,1
DA:1451,1
DA:1452,1
DA:1453,1
DA:1454,1
DA:1455,1
DA:1457,0
DA:1463,1
DA:1464,1
DA:1465,1
DA:1468,1
DA:1469,1
DA:1470,1
DA:1471,1
DA:1472,1
DA:1473,1
DA:1493,0
DA:1500,0
DA:1501,0
DA:1502,0
DA:1503,0
DA:1504,0
DA:1505,0
DA:1506,0
DA:1507,0
DA:1508,0
DA:1509,0
DA:1510,0
DA:1512,0
DA:1514,0
DA:1515,0
DA:1516,0
DA:1517,0
DA:1518,0
DA:1520,0
DA:1523,0
DA:1524,0
DA:1525,0
DA:1526,0
DA:1527,0
DA:1528,0
DA:1543,0
DA:1544,0
DA:1545,0
DA:1546,0
DA:1547,0
DA:1548,0
DA:1549,0
DA:1550,0
DA:1553,0
DA:1554,0
DA:1555,0
DA:1559,0
DA:1560,0
DA:1561,0
DA:1562,0
DA:1563,0
DA:1564,0
DA:1578,0
DA:1579,0
DA:1580,0
DA:1581,0
DA:1582,0
DA:1583,0
DA:1584,0
DA:1585,0
DA:1586,0
DA:1587,0
DA:1588,0
DA:1589,0
DA:1591,0
DA:1596,0
DA:1597,0
DA:1598,0
DA:1600,0
DA:1601,0
DA:1602,0
DA:1603,0
DA:1604,0
DA:1605,0
DA:1606,0
DA:1613,0
DA:1614,0
DA:1615,0
DA:1616,0
DA:1617,0
DA:1618,0
DA:1619,0
DA:1620,0
DA:1621,0
DA:1622,0
DA:1623,0
DA:1624,0
DA:1625,0
DA:1627,0
DA:1628,0
DA:1630,0
DA:1639,0
DA:1640,0
DA:1641,0
DA:1642,0
DA:1643,0
DA:1644,0
DA:1645,0
DA:1646,0
DA:1647,0
DA:1648,0
DA:1649,0
DA:1654,0
DA:1655,0
DA:1656,0
DA:1657,0
DA:1658,0
DA:1659,0
DA:1661,0
DA:1662,0
DA:1665,0
DA:1676,1
DA:1677,1
DA:1678,1
DA:1679,1
DA:1683,1
DA:1684,1
DA:1685,1
DA:1688,1
BRF:0
BRH:0
LF:891
LH:627
end_of_record